{"numTotalTestSuites":6,"numPassedTestSuites":4,"numFailedTestSuites":2,"numPendingTestSuites":0,"numTotalTests":32,"numPassedTests":30,"numFailedTests":2,"numPendingTests":0,"numTodoTests":0,"snapshot":{"added":0,"failure":false,"filesAdded":0,"filesRemoved":0,"filesRemovedList":[],"filesUnmatched":0,"filesUpdated":0,"matched":0,"total":0,"unchecked":0,"uncheckedKeysByFile":[],"unmatched":0,"updated":0,"didUpdate":false},"startTime":1786936954236,"success":false,"testResults":[{"assertionResults":[{"ancestorTitles":["主导航"],"fullName":"主导航 按照产品规格提供八个普通用户入口，并把匹配大厅作为独立栏目","status":"passed","title":"按照产品规格提供八个普通用户入口，并把匹配大厅作为独立栏目","duration":0.976099999999974,"failureMessages":[],"meta":{}},{"ancestorTitles":["主导航"],"fullName":"主导航 不在普通导航中公开后台或算法入口","status":"passed","title":"不在普通导航中公开后台或算法入口","duration":0.21249999999997726,"failureMessages":[],"meta":{}}],"startTime":1786936955112,"endTime":1786936955113.2124,"status":"passed","message":"","name":"C:/Users/ALIENWARE/Desktop/ai-marriage-platform-design-20260815-225033/apps/web/src/app/navigation.test.ts"},{"assertionResults":[{"ancestorTitles":["前端路由访问控制"],"fullName":"前端路由访问控制 未登录访问个人中心时跳转登录并保留完整 next","status":"passed","title":"未登录访问个人中心时跳转登录并保留完整 next","duration":91.29320000000007,"failureMessages":[],"meta":{}},{"ancestorTitles":["前端路由访问控制"],"fullName":"前端路由访问控制 未登录访问建档时跳转登录并保留完整 next","status":"passed","title":"未登录访问建档时跳转登录并保留完整 next","duration":38.94520000000011,"failureMessages":[],"meta":{}},{"ancestorTitles":["前端路由访问控制"],"fullName":"前端路由访问控制 未登录访问AI 分身时跳转登录并保留完整 next","status":"passed","title":"未登录访问AI 分身时跳转登录并保留完整 next","duration":26.310699999999997,"failureMessages":[],"meta":{}},{"ancestorTitles":["前端路由访问控制"],"fullName":"前端路由访问控制 未登录访问消息时跳转登录并保留完整 next","status":"passed","title":"未登录访问消息时跳转登录并保留完整 next","duration":37.04850000000033,"failureMessages":[],"meta":{}},{"ancestorTitles":["前端路由访问控制"],"fullName":"前端路由访问控制 未登录访问真人聊天时跳转登录并保留完整 next","status":"passed","title":"未登录访问真人聊天时跳转登录并保留完整 next","duration":30.23829999999998,"failureMessages":[],"meta":{}},{"ancestorTitles":["前端路由访问控制"],"fullName":"前端路由访问控制 未登录时仍可浏览公开匹配大厅","status":"passed","title":"未登录时仍可浏览公开匹配大厅","duration":63.490999999999985,"failureMessages":[],"meta":{}},{"ancestorTitles":["前端路由访问控制"],"fullName":"前端路由访问控制 未登录时仍可浏览公开会员详情","status":"passed","title":"未登录时仍可浏览公开会员详情","duration":24.75109999999995,"failureMessages":[],"meta":{}},{"ancestorTitles":["前端路由访问控制"],"fullName":"前端路由访问控制 未登录时仍可浏览公开专属推荐","status":"passed","title":"未登录时仍可浏览公开专属推荐","duration":25.412399999999707,"failureMessages":[],"meta":{}},{"ancestorTitles":["前端路由访问控制"],"fullName":"前端路由访问控制 注销清理后会话失效时按真实 401 契约作为匿名游客浏览公开大厅","status":"failed","title":"注销清理后会话失效时按真实 401 契约作为匿名游客浏览公开大厅","duration":1036.7098,"failureMessages":["Error: Unable to find role=\"heading\" and name \"寻找适合你的缘分\"\n\nIgnored nodes: comments, script, style\n\u001b[36m<body>\u001b[39m\n  \u001b[36m<div>\u001b[39m\n    \u001b[36m<output\u001b[39m\n      \u001b[33mdata-testid\u001b[39m=\u001b[32m\"route-location\"\u001b[39m\n    \u001b[36m>\u001b[39m\n      \u001b[0m/find\u001b[0m\n    \u001b[36m</output>\u001b[39m\n    \u001b[36m<div\u001b[39m\n      \u001b[33mclass\u001b[39m=\u001b[32m\"page-shell shell\"\u001b[39m\n    \u001b[36m>\u001b[39m\n      \u001b[36m<header\u001b[39m\n        \u001b[33mclass\u001b[39m=\u001b[32m\"page-header page-header--split find-header\"\u001b[39m\n      \u001b[36m>\u001b[39m\n        \u001b[36m<div>\u001b[39m\n          \u001b[36m<span>\u001b[39m\n            \u001b[0m匹配大厅\u001b[0m\n          \u001b[36m</span>\u001b[39m\n          \u001b[36m<h1>\u001b[39m\n            \u001b[0m匹配大厅\u001b[0m\n          \u001b[36m</h1>\u001b[39m\n          \u001b[36m<p>\u001b[39m\n            \u001b[0m按你在意的条件筛选，也可以先看看更多真实生活信息。\u001b[0m\n          \u001b[36m</p>\u001b[39m\n        \u001b[36m</div>\u001b[39m\n        \u001b[36m<button\u001b[39m\n          \u001b[33mclass\u001b[39m=\u001b[32m\"button button--soft mobile-filter-button\"\u001b[39m\n          \u001b[33mtype\u001b[39m=\u001b[32m\"button\"\u001b[39m\n        \u001b[36m>\u001b[39m\n          \u001b[36m<svg\u001b[39m\n            \u001b[33mclass\u001b[39m=\u001b[32m\"lucide lucide-sliders-horizontal\"\u001b[39m\n            \u001b[33mfill\u001b[39m=\u001b[32m\"none\"\u001b[39m\n            \u001b[33mheight\u001b[39m=\u001b[32m\"24\"\u001b[39m\n            \u001b[33mstroke\u001b[39m=\u001b[32m\"currentColor\"\u001b[39m\n            \u001b[33mstroke-linecap\u001b[39m=\u001b[32m\"round\"\u001b[39m\n            \u001b[33mstroke-linejoin\u001b[39m=\u001b[32m\"round\"\u001b[39m\n            \u001b[33mstroke-width\u001b[39m=\u001b[32m\"2\"\u001b[39m\n            \u001b[33mviewBox\u001b[39m=\u001b[32m\"0 0 24 24\"\u001b[39m\n            \u001b[33mwidth\u001b[39m=\u001b[32m\"24\"\u001b[39m\n            \u001b[33mxmlns\u001b[39m=\u001b[32m\"http://www.w3.org/2000/svg\"\u001b[39m\n          \u001b[36m>\u001b[39m\n            \u001b[36m<line\u001b[39m\n              \u001b[33mx1\u001b[39m=\u001b[32m\"21\"\u001b[39m\n              \u001b[33mx2\u001b[39m=\u001b[32m\"14\"\u001b[39m\n              \u001b[33my1\u001b[39m=\u001b[32m\"4\"\u001b[39m\n              \u001b[33my2\u001b[39m=\u001b[32m\"4\"\u001b[39m\n            \u001b[36m/>\u001b[39m\n            \u001b[36m<line\u001b[39m\n              \u001b[33mx1\u001b[39m=\u001b[32m\"10\"\u001b[39m\n              \u001b[33mx2\u001b[39m=\u001b[32m\"3\"\u001b[39m\n              \u001b[33my1\u001b[39m=\u001b[32m\"4\"\u001b[39m\n              \u001b[33my2\u001b[39m=\u001b[32m\"4\"\u001b[39m\n            \u001b[36m/>\u001b[39m\n            \u001b[36m<line\u001b[39m\n              \u001b[33mx1\u001b[39m=\u001b[32m\"21\"\u001b[39m\n              \u001b[33mx2\u001b[39m=\u001b[32m\"12\"\u001b[39m\n              \u001b[33my1\u001b[39m=\u001b[32m\"12\"\u001b[39m\n              \u001b[33my2\u001b[39m=\u001b[32m\"12\"\u001b[39m\n            \u001b[36m/>\u001b[39m\n            \u001b[36m<line\u001b[39m\n              \u001b[33mx1\u001b[39m=\u001b[32m\"8\"\u001b[39m\n              \u001b[33mx2\u001b[39m=\u001b[32m\"3\"\u001b[39m\n              \u001b[33my1\u001b[39m=\u001b[32m\"12\"\u001b[39m\n              \u001b[33my2\u001b[39m=\u001b[32m\"12\"\u001b[39m\n            \u001b[36m/>\u001b[39m\n            \u001b[36m<line\u001b[39m\n              \u001b[33mx1\u001b[39m=\u001b[32m\"21\"\u001b[39m\n              \u001b[33mx2\u001b[39m=\u001b[32m\"16\"\u001b[39m\n              \u001b[33my1\u001b[39m=\u001b[32m\"20\"\u001b[39m\n              \u001b[33my2\u001b[39m=\u001b[32m\"20\"\u001b[39m\n            \u001b[36m/>\u001b[39m\n            \u001b[36m<line\u001b[39m\n              \u001b[33mx1\u001b[39m=\u001b[32m\"12\"\u001b[39m\n              \u001b[33mx2\u001b[39m=\u001b[32m\"3\"\u001b[39m\n              \u001b[33my1\u001b[39m=\u001b[32m\"20\"\u001b[39m\n              \u001b[33my2\u001b[39m=\u001b[32m\"20\"\u001b[39m\n            \u001b[36m/>\u001b[39m\n            \u001b[36m<line\u001b[39m\n              \u001b[33mx1\u001b[39m=\u001b[32m\"14\"\u001b[39m\n              \u001b[33mx2\u001b[39m=\u001b[32m\"14\"\u001b[39m\n              \u001b[33my1\u001b[39m=\u001b[32m\"2\"\u001b[39m\n              \u001b[33my2\u001b[39m=\u001b[32m\"6\"\u001b[39m\n            \u001b[36m/>\u001b[39m\n            \u001b[36m<line\u001b[39m\n              \u001b[33mx1\u001b[39m=\u001b[32m\"8\"\u001b[39m\n              \u001b[33mx2\u001b[39m=\u001b[32m\"8\"\u001b[39m\n              \u001b[33my1\u001b[39m=\u001b[32m\"10\"\u001b[39m\n              \u001b[33my2\u001b[39m=\u001b[32m\"14\"\u001b[39m\n            \u001b[36m/>\u001b[39m\n            \u001b[36m<line\u001b[39m\n              \u001b[33mx1\u001b[39m=\u001b[32m\"16\"\u001b[39m\n              \u001b[33mx2\u001b[39m=\u001b[32m\"16\"\u001b[39m\n              \u001b[33my1\u001b[39m=\u001b[32m\"18\"\u001b[39m\n              \u001b[33my2\u001b[39m=\u001b[32m\"22\"\u001b[39m\n            \u001b[36m/>\u001b[39m\n          \u001b[36m</svg>\u001b[39m\n          \u001b[0m 筛选条件\u001b[0m\n        \u001b[36m</button>\u001b[39m\n      \u001b[36m</header>\u001b[39m\n      \u001b[36m<section\u001b[39m\n        \u001b[33maria-label\u001b[39m=\u001b[32m\"快捷筛选城市\"\u001b[39m\n        \u001b[33mclass\u001b[39m=\u001b[32m\"find-summary\"\u001b[39m\n      \u001b[36m>\u001b[39m\n        \u001b[36m<div\u001b[39m\n          \u001b[33mclass\u001b[39m=\u001b[32m\"find-summary__title\"\u001b[39m\n        \u001b[36m>\u001b[39m\n          \u001b[36m<span>\u001b[39m\n            \u001b[0m快捷筛选\u001b[0m\n          \u001b[36m</span>\u001b[39m\n          \u001b[36m<strong>\u001b[39m\n            \u001b[0m按城市快速锁定最适合的缘分\u001b[0m\n          \u001b[36m</strong>\u001b[39m\n        \u001b[36m</div>\u001b[39m\n        \u001b[36m<div\u001b[39m\n          \u001b[33mclass\u001b[39m=\u001b[32m\"find-preset-row\"\u001b[39m\n        \u001b[36m>\u001b[39m\n          \u001b[36m<button\u001b[39m\n            \u001b[33mclass\u001b[39m=\u001b[32m\"quick-search-preset is-selected\"\u001b[39m\n            \u001b[33mtype\u001b[39m=\u001b[32m\"button\"\u001b[39m\n          \u001b[36m>\u001b[39m\n            \u001b[0m不限\u001b[0m\n          \u001b[36m</button>\u001b[39m\n          \u001b[36m<button\u001b[39m\n            \u001b[33mclass\u001b[39m=\u001b[32m\"quick-search-preset \"\u001b[39m\n            \u001b[33mtype\u001b[39m=\u001b[32m\"button\"\u001b[39m\n          \u001b[36m>\u001b[39m\n            \u001b[0m上海\u001b[0m\n          \u001b[36m</button>\u001b[39m\n          \u001b[36m<button\u001b[39m\n            \u001b[33mclass\u001b[39m=\u001b[32m\"quick-search-preset \"\u001b[39m\n            \u001b[33mtype\u001b[39m=\u001b[32m\"button\"\u001b[39m\n          \u001b[36m>\u001b[39m\n            \u001b[0m杭州\u001b[0m\n          \u001b[36m</button>\u001b[39m\n          \u001b[36m<button\u001b[39m\n            \u001b[33mclass\u001b[39m=\u001b[32m\"quick-search-preset \"\u001b[39m\n            \u001b[33mtype\u001b[39m=\u001b[32m\"button\"\u001b[39m\n          \u001b[36m>\u001b[39m\n            \u001b[0m苏州\u001b[0m\n          \u001b[36m</button>\u001b[39m\n          \u001b[36m<button\u001b[39m\n            \u001b[33mclass\u001b[39m=\u001b[32m\"quick-search-preset \"\u001b[39m\n            \u001b[33mtype\u001b[39m=\u001b[32m\"button\"\u001b[39m\n          \u001b[36m>\u001b[39m\n            \u001b[0m南京\u001b[0m\n          \u001b[36m</button>\u001b[39m\n        \u001b[36m</div>\u001b[39m\n      \u001b[36m</section>\u001b[39m\n      \u001b[36m<div\u001b[39m\n        \u001b[33mclass\u001b[39m=\u001b[32m\"find-layout\"\u001b[39m\n      \u001b[36m>\u001b[39m\n        \u001b[36m<aside\u001b[39m\n          \u001b[33maria-label\u001b[39m=\u001b[32m\"筛选条件\"\u001b[39m\n          \u001b[33mclass\u001b[39m=\u001b[32m\"filter-panel \"\u001b[39m\n        \u001b[36m>\u001b[39m\n          \u001b[36m<div\u001b[39m\n            \u001b[33mclass\u001b[39m=\u001b[32m\"filter-panel__head\"\u001b[39m\n          \u001b[36m>\u001b[39m\n            \u001b[36m<strong>\u001b[39m\n              \u001b[36m<svg\u001b[39m\n                \u001b[33mclass\u001b[39m=\u001b[32m\"lucide lucide-filter\"\u001b[39m\n                \u001b[33mfill\u001b[39m=\u001b[32m\"none\"\u001b[39m\n                \u001b[33mheight\u001b[39m=\u001b[32m\"24\"\u001b[39m\n                \u001b[33mstroke\u001b[39m=\u001b[32m\"currentColor\"\u001b[39m\n                \u001b[33mstroke-linecap\u001b[39m=\u001b[32m\"round\"\u001b[39m\n                \u001b[33mstroke-linejoin\u001b[39m=\u001b[32m\"round\"\u001b[39m\n                \u001b[33mstroke-width\u001b[39m=\u001b[32m\"2\"\u001b[39m\n                \u001b[33mviewBox\u001b[39m=\u001b[32m\"0 0 24 24\"\u001b[39m\n                \u001b[33mwidth\u001b[39m=\u001b[32m\"24\"\u001b[39m\n                \u001b[33mxmlns\u001b[39m=\u001b[32m\"http://www.w3.org/2000/svg\"\u001b[39m\n              \u001b[36m>\u001b[39m\n                \u001b[36m<polygon\u001b[39m\n                  \u001b[33mpoints\u001b[39m=\u001b[32m\"22 3 2 3 10 12.46 10 19 14 21 14 12.46 22 3\"\u001b[39m\n                \u001b[36m/>\u001b[39m\n              \u001b[36m</svg>\u001b[39m\n              \u001b[0m筛选条件\u001b[0m\n            \u001b[36m</strong>\u001b[39m\n            \u001b[36m<span>\u001b[39m\n              \u001b[0m已选 \u001b[0m\n              \u001b[0m0\u001b[0m\n              \u001b[0m 项\u001b[0m\n            \u001b[36m</span>\u001b[39m\n          \u001b[36m</div>\u001b[39m\n          \u001b[36m<label>\u001b[39m\n            \u001b[36m<span>\u001b[39m\n              \u001b[0m想认识\u001b[0m\n            \u001b[36m</span>\u001b[39m\n            \u001b[36m<select>\u001b[39m\n              \u001b[36m<option>\u001b[39m\n                \u001b[0m不限\u001b[0m\n              \u001b[36m</option>\u001b[39m\n              \u001b[36m<option>\u001b[39m\n                \u001b[0m女性\u001b[0m\n              \u001b[36m</option>\u001b[39m\n              \u001b[36m<option>\u001b[39m\n                \u001b[0m男性\u001b[0m\n              \u001b[36m</option>\u001b[39m\n            \u001b[36m</select>\u001b[39m\n          \u001b[36m</label>\u001b[39m\n          \u001b[36m<fieldset>\u001b[39m\n            \u001b[36m<legend>\u001b[39m\n              \u001b[0m年龄范围\u001b[0m\n            \u001b[36m</legend>\u001b[39m\n            \u001b[36m<select\u001b[39m\n              \u001b[33maria-label\u001b[39m=\u001b[32m\"最小年龄\"\u001b[39m\n            \u001b[36m>\u001b[39m\n              \u001b[36m<option>\u001b[39m\n                \u001b[0m35\u001b[0m\n              \u001b[36m</option>\u001b[39m\n              \u001b[36m<option>\u001b[39m\n                \u001b[0m40\u001b[0m\n              \u001b[36m</option>\u001b[39m\n              \u001b[36m<option>\u001b[39m\n                \u001b[0m45\u001b[0m\n              \u001b[36m</option>\u001b[39m\n              \u001b[36m<option>\u001b[39m\n                \u001b[0m50\u001b[0m\n              \u001b[36m</option>\u001b[39m\n              \u001b[36m<option>\u001b[39m\n                \u001b[0m55\u001b[0m\n              \u001b[36m</option>\u001b[39m\n            \u001b[36m</select>\u001b[39m\n            \u001b[36m<span>\u001b[39m\n              \u001b[0m至\u001b[0m\n            \u001b[36m</span>\u001b[39m\n            \u001b[36m<select\u001b[39m\n              \u001b[33maria-label\u001b[39m=\u001b[32m\"最大年龄\"\u001b[39m\n            \u001b[36m>\u001b[39m\n              \u001b[36m<option>\u001b[39m\n                \u001b[0m45\u001b[0m\n              \u001b[36m</option>\u001b[39m\n              \u001b[36m<option>\u001b[39m\n                \u001b[0m50\u001b[0m\n              \u001b[36m</option>\u001b[39m\n              \u001b[36m<option>\u001b[39m\n                \u001b[0m55\u001b[0m\n              \u001b[36m</option>\u001b[39m\n              \u001b[36m<option>\u001b[39m\n                \u001b[0m60\u001b[0m\n              \u001b[36m</option>\u001b[39m\n              \u001b[36m<option>\u001b[39m\n                \u001b[0m65\u001b[0m\n              \u001b[36m</option>\u001b[39m\n            \u001b[36m</select>\u001b[39m\n          \u001b[36m</fieldset>\u001b[39m\n          \u001b[36m<label>\u001b[39m\n            \u001b[36m<span>\u001b[39m\n              \u001b[0m所在城市\u001b[0m\n            \u001b[36m</span>\u001b[39m\n            \u001b[36m<select\u001b[39m\n              \u001b[33maria-label\u001b[39m=\u001b[32m\"所在城市\"\u001b[39m\n            \u001b[36m>\u001b[39m\n              \u001b[36m<option>\u001b[39m\n                \u001b[0m不限\u001b[0m\n              \u001b[36m</option>\u001b[39m\n              \u001b[36m<option>\u001b[39m\n                \u001b[0m上海\u001b[0m\n              \u001b[36m</option>\u001b[39m\n              \u001b[36m<option>\u001b[39m\n                \u001b[0m杭州\u001b[0m\n              \u001b[36m</option>\u001b[39m\n              \u001b[36m<option>\u001b[39m\n                \u001b[0m苏州\u001b[0m\n              \u001b[36m</option>\u001b[39m\n              \u001b[36m<option>\u001b[39m\n                \u001b[0m南京\u001b[0m\n              \u001b[36m</option>\u001b[39m\n            \u001b[36m</select>\u001b[39m\n          \u001b[36m</label>\u001b[39m\n          \u001b[36m<label>\u001b[39m\n            \u001b[36m<span>\u001b[39m\n              \u001b[0m婚姻状态\u001b[0m\n            \u001b[36m</span>\u001b[39m\n            \u001b[36m<select>\u001b[39m\n              \u001b[36m<option>\u001b[39m\n                \u001b[0m不限\u001b[0m\n              \u001b[36m</option>\u001b[39m\n              \u001b[36m<option>\u001b[39m\n                \u001b[0m未婚\u001b[0m\n              \u001b[36m</option>\u001b[39m\n              \u001b[36m<option>\u001b[39m\n                \u001b[0m离异\u001b[0m\n              \u001b[36m</option>\u001b[39m\n              \u001b[36m<option>\u001b[39m\n                \u001b[0m丧偶\u001b[0m\n              \u001b[36m</option>\u001b[39m\n            \u001b[36m</select>\u001b[39m\n          \u001b[36m</label>\u001b[39m\n          \u001b[36m<label>\u001b[39m\n            \u001b[36m<span>\u001b[39m\n              \u001b[0m交往目标\u001b[0m\n            \u001b[36m</span>\u001b[39m\n            \u001b[36m<select>\u001b[39m\n              \u001b[36m<option>\u001b[39m\n                \u001b[0m不限\u001b[0m\n              \u001b[36m</option>\u001b[39m\n              \u001b[36m<option>\u001b[39m\n                \u001b[0m认真交往\u001b[0m\n              \u001b[36m</option>\u001b[39m\n              \u001b[36m<option>\u001b[39m\n                \u001b[0m以结婚为目标\u001b[0m\n              \u001b[36m</option>\u001b[39m\n              \u001b[36m<option>\u001b[39m\n                \u001b[0m先认识了解\u001b[0m\n              \u001b[36m</option>\u001b[39m\n            \u001b[36m</select>\u001b[39m\n          \u001b[36m</label>\u001b[39m\n          \u001b[36m<label>\u001b[39m\n            \u001b[36m<span>\u001b[39m\n              \u001b[0m吸烟情况\u001b[0m\n            \u001b[36m</span>\u001b[39m\n            \u001b[36m<select\u001b[39m\n              \u001b[33maria-label\u001b[39m=\u001b[32m\"吸烟情况\"\u001b[39m\n            \u001b[36m>\u001b[39m\n              \u001b[36m<option>\u001b[39m\n                \u001b[0m不限\u001b[0m\n              \u001b[36m</option>\u001b[39m\n              \u001b[36m<option>\u001b[39m\n                \u001b[0m不吸烟\u001b[0m\n              \u001b[36m</option>\u001b[39m\n              \u001b[36m<option>\u001b[39m\n                \u001b[0m偶尔吸烟\u001b[0m\n              \u001b[36m</option>\u001b[39m\n              \u001b[36m<option>\u001b[39m\n                \u001b[0m吸烟\u001b[0m\n              \u001b[36m</option>\u001b[39m\n            \u001b[36m</select>\u001b[39m\n          \u001b[36m</label>\u001b[39m\n          \u001b[36m<label>\u001b[39m\n            \u001b[36m<span>\u001b[39m\n              \u001b[0m子女情况\u001b[0m\n            \u001b[36m</span>\u001b[39m\n            \u001b[36m<select\u001b[39m\n              \u001b[33maria-label\u001b[39m=\u001b[32m\"子女情况\"\u001b[39m\n            \u001b[36m>\u001b[39m\n              \u001b[36m<option>\u001b[39m\n                \u001b[0m不限\u001b[0m\n              \u001b[36m</option>\u001b[39m\n              \u001b[36m<option>\u001b[39m\n                \u001b[0m无子女\u001b[0m\n              \u001b[36m</option>\u001b[39m\n              \u001b[36m<option>\u001b[39m\n                \u001b[0m有子女\u001b[0m\n              \u001b[36m</option>\u001b[39m\n              \u001b[36m<option>\u001b[39m\n                \u001b[0m子女已成年\u001b[0m\n              \u001b[36m</option>\u001b[39m\n            \u001b[36m</select>\u001b[39m\n          \u001b[36m</label>\u001b[39m\n          \u001b[36m<label\u001b[39m\n            \u001b[33mclass\u001b[39m=\u001b[32m\"filter-checkbox\"\u001b[39m\n          \u001b[36m>\u001b[39m\n            \u001b[36m<input\u001b[39m\n              \u001b[33mtype\u001b[39m=\u001b[32m\"checkbox\"\u001b[39m\n            \u001b[36m/>\u001b[39m\n            \u001b[36m<span>\u001b[39m\n              \u001b[0m仅看有照片\u001b[0m\n            \u001b[36m</span>\u001b[39m\n          \u001b[36m</label>\u001b[39m\n          \u001b[36m<div\u001b[39m\n            \u001b[33mclass\u001b[39m=\u001b[32m\"filter-panel__actions\"\u001b[39m\n          \u001b[36m>\u001b[39m\n            \u001b[36m<button\u001b[39m\n              \u001b[33mclass\u001b[39m=\u001b[32m\"button button--primary\"\u001b[39m\n              \u001b[33mtype\u001b[39m=\u001b[32m\"button\"\u001b[39m\n            \u001b[36m>\u001b[39m\n              \u001b[36m<svg\u001b[39m\n                \u001b[33mclass\u001b[39m=\u001b[32m\"lucide lucide-search\"\u001b[39m\n                \u001b[33mfill\u001b[39m=\u001b[32m\"none\"\u001b[39m\n                \u001b[33mheight\u001b[39m=\u001b[32m\"24\"\u001b[39m\n                \u001b[33mstroke\u001b[39m=\u001b[32m\"currentColor\"\u001b[39m\n                \u001b[33mstroke-linecap\u001b[39m=\u001b[32m\"round\"\u001b[39m\n                \u001b[33mstroke-linejoin\u001b[39m=\u001b[32m\"round\"\u001b[39m\n                \u001b[33mstroke-width\u001b[39m=\u001b[32m\"2\"\u001b[39m\n                \u001b[33mviewBox\u001b[39m=\u001b[32m\"0 0 24 24\"\u001b[39m\n                \u001b[33mwidth\u001b[39m=\u001b[32m\"24\"\u001b[39m\n                \u001b[33mxmlns\u001b[39m=\u001b[32m\"http://www.w3.org/2000/svg\"\u001b[39m\n              \u001b[36m>\u001b[39m\n                \u001b[36m<circle\u001b[39m\n                  \u001b[33mcx\u001b[39m=\u001b[32m\"11\"\u001b[39m\n                  \u001b[33mcy\u001b[39m=\u001b[32m\"11\"\u001b[39m\n                  \u001b[33mr\u001b[39m=\u001b[32m\"8\"\u001b[39m\n                \u001b[36m/>\u001b[39m\n                \u001b[36m<path\u001b[39m\n                  \u001b[33md\u001b[39m=\u001b[32m\"m21 21-4.3-4.3\"\u001b[39m\n                \u001b[36m/>\u001b[39m\n              \u001b[36m</svg>\u001b[39m\n              \u001b[0m应用筛选\u001b[0m\n            \u001b[36m</button>\u001b[39m\n            \u001b[36m<button\u001b[39m\n              \u001b[33mclass\u001b[39m=\u001b[32m\"button button--text\"\u001b[39m\n              \u001b[33mtype\u001b[39m=\u001b[32m\"button\"\u001b[39m\n            \u001b[36m>\u001b[39m\n              \u001b[36m<svg\u001b[39m\n                \u001b[33mclass\u001b[39m=\u001b[32m\"lucide lucide-rotate-ccw\"\u001b[39m\n                \u001b[33mfill\u001b[39m=\u001b[32m\"none\"\u001b[39m\n                \u001b[33mheight\u001b[39m=\u001b[32m\"24\"\u001b[39m\n                \u001b[33mstroke\u001b[39m=\u001b[32m\"currentColor\"\u001b[39m\n                \u001b[33mstroke-linecap\u001b[39m=\u001b[32m\"round\"\u001b[39m\n                \u001b[33mstroke-linejoin\u001b[39m=\u001b[32m\"round\"\u001b[39m\n                \u001b[33mstroke-width\u001b[39m=\u001b[32m\"2\"\u001b[39m\n                \u001b[33mviewBox\u001b[39m=\u001b[32m\"0 0 24 24\"\u001b[39m\n                \u001b[33mwidth\u001b[39m=\u001b[32m\"24\"\u001b[39m\n                \u001b[33mxmlns\u001b[39m=\u001b[32m\"http://www.w3.org/2000/svg\"\u001b[39m\n              \u001b[36m>\u001b[39m\n                \u001b[36m<path\u001b[39m\n                  \u001b[33md\u001b[39m=\u001b[32m\"M3 12a9 9 0 1 0 9-9 9.75 9.75 0 0 0-6.74 2.74L3 8\"\u001b[39m\n                \u001b[36m/>\u001b[39m\n                \u001b[36m<path\u001b[39m\n                  \u001b[33md\u001b[39m=\u001b[32m\"M3 3v5h5\"\u001b[39m\n                \u001b[36m/>\u001b[39m\n              \u001b[36m</svg>\u001b[39m\n              \u001b[0m重置\u001b[0m\n            \u001b[36m</button>\u001b[39m\n            \u001b[36m<button\u001b[39m\n              \u001b[33mclass\u001b[39m=\u001b[32m\"button button--soft filter-panel__cancel\"\u001b[39m\n              \u001b[33mtype\u001b[39m=\u001b[32m\"button\"\u001b[39m\n            \u001b[36m>\u001b[39m\n              \u001b[0m取消\u001b[0m\n            \u001b[36m</button>\u001b[39m\n          \u001b[36m</div>\u001b[39m\n        \u001b[36m</aside>\u001b[39m\n        \u001b[36m<section\u001b[39m\n          \u001b[33maria-label\u001b[39m=\u001b[32m\"匹配结果\"\u001b[39m\n          \u001b[33maria-live\u001b[39m=\u001b[32m\"polite\"\u001b[39m\n          \u001b[33mclass\u001b[39m=\u001b[32m\"find-results\"\u001b[39m\n        \u001b[36m>\u001b[39m\n          \u001b[36m<div\u001b[39m\n            \u001b[33mclass\u001b[39m=\u001b[32m\"result-toolbar\"\u001b[39m\n          \u001b[36m>\u001b[39m\n            \u001b[36m<div>\u001b[39m\n              \u001b[36m<strong>\u001b[39m\n                \u001b[0m找到 0 位会员\u001b[0m\n              \u001b[36m</strong>\u001b[39m\n              \u001b[36m<span>\u001b[39m\n                \u001b[0m全部城市\u001b[0m\n                \u001b[0m · 仅展示审核通过的资料\u001b[0m\n              \u001b[36m</span>\u001b[39m\n            \u001b[36m</div>\u001b[39m\n            \u001b[36m<div\u001b[39m\n              \u001b[33maria-label\u001b[39m=\u001b[32m\"结果概览\"\u001b[39m\n              \u001b[33mclass\u001b[39m=\u001b[32m\"result-toolbar__meta\"\u001b[39m\n            \u001b[36m>\u001b[39m\n              \u001b[36m<span\u001b[39m\n                \u001b[33mclass\u001b[39m=\u001b[32m\"result-toolbar__chip\"\u001b[39m\n              \u001b[36m>\u001b[39m\n                \u001b[0m更适合你\u001b[0m\n              \u001b[36m</span>\u001b[39m\n              \u001b[36m<span\u001b[39m\n                \u001b[33mclass\u001b[39m=\u001b[32m\"result-toolbar__chip result-toolbar__chip--soft\"\u001b[39m\n              \u001b[36m>\u001b[39m\n                \u001b[0m真实资料\u001b[0m\n              \u001b[36m</span>\u001b[39m\n            \u001b[36m</div>\u001b[39m\n            \u001b[36m<label>\u001b[39m\n              \u001b[36m<span>\u001b[39m\n                \u001b[0m排序\u001b[0m\n              \u001b[36m</span>\u001b[39m\n              \u001b[36m<select\u001b[39m\n                \u001b[33maria-label\u001b[39m=\u001b[32m\"排序方式\"\u001b[39m\n              \u001b[36m>\u001b[39m\n                \u001b[36m<option\u001b[39m\n                  \u001b[33mvalue\u001b[39m=\u001b[32m\"default\"\u001b[39m\n                \u001b[36m>\u001b[39m\n                  \u001b[0m默认顺序\u001b[0m\n                \u001b[36m</option>\u001b[39m\n                \u001b[36m<option\u001b[39m\n                  \u001b[33mvalue\u001b[39m=\u001b[32m\"recent-active\"\u001b[39m\n                \u001b[36m>\u001b[39m\n                  \u001b[0m最近活跃\u001b[0m\n                \u001b[36m</option>\u001b[39m\n                \u001b[36m<option\u001b[39m\n                  \u001b[33mvalue\u001b[39m=\u001b[32m\"newest\"\u001b[39m\n                \u001b[36m>\u001b[39m\n                  \u001b[0m最新加入\u001b[0m\n                \u001b[36m</option>\u001b[39m\n                \u001b[36m<option\u001b[39m\n                  \u001b[33mvalue\u001b[39m=\u001b[32m\"age-asc\"\u001b[39m\n                \u001b[36m>\u001b[39m\n                  \u001b[0m年龄从小到大\u001b[0m\n                \u001b[36m</option>\u001b[39m\n                \u001b[36m<option\u001b[39m\n                  \u001b[33mvalue\u001b[39m=\u001b[32m\"age-desc\"\u001b[39m\n                \u001b[36m>\u001b[39m\n                  \u001b[0m年龄从大到小\u001b[0m\n                \u001b[36m</option>\u001b[39m\n              \u001b[36m</select>\u001b[39m\n            \u001b[36m</label>\u001b[39m\n          \u001b[36m</div>\u001b[39m\n          \u001b[36m<div\u001b[39m\n            \u001b[33mclass\u001b[39m=\u001b[32m\"empty-state\"\u001b[39m\n            \u001b[33mrole\u001b[39m=\u001b[32m\"alert\"\u001b[39m\n          \u001b[36m>\u001b[39m\n            \u001b[36m<svg\u001b[39m\n              \u001b[33mclass\u001b[39m=\u001b[32m\"lucide lucide-search\"\u001b[39m\n              \u001b[33mfill\u001b[39m=\u001b[32m\"none\"\u001b[39m\n              \u001b[33mheight\u001b[39m=\u001b[32m\"38\"\u001b[39m\n              \u001b[33mstroke\u001b[39m=\u001b[32m\"currentColor\"\u001b[39m\n              \u001b[33mstroke-linecap\u001b[39m=\u001b[32m\"round\"\u001b[39m\n              \u001b[33mstroke-linejoin\u001b[39m=\u001b[32m\"round\"\u001b[39m\n              \u001b[33mstroke-width\u001b[39m=\u001b[32m\"2\"\u001b[39m\n              \u001b[33mviewBox\u001b[39m=\u001b[32m\"0 0 24 24\"\u001b[39m\n              \u001b[33mwidth\u001b[39m=\u001b[32m\"38\"\u001b[39m\n              \u001b[33mxmlns\u001b[39m=\u001b[32m\"http://www.w3.org/2000/svg\"\u001b[39m\n            \u001b[36m>\u001b[39m\n              \u001b[36m<circle\u001b[39m\n                \u001b[33mcx\u001b[39m=\u001b[32m\"11\"\u001b[39m\n                \u001b[33mcy\u001b[39m=\u001b[32m\"11\"\u001b[39m\n                \u001b[33mr\u001b[39m=\u001b[32m\"8\"\u001b[39m\n              \u001b[36m/>\u001b[39m\n              \u001b[36m<path\u001b[39m\n                \u001b[33md\u001b[39m=\u001b[32m\"m21 21-4.3-4.3\"\u001b[39m\n              \u001b[36m/>\u001b[39m\n            \u001b[36m</svg>\u001b[39m\n            \u001b[36m<h2>\u001b[39m\n              \u001b[0m匹配大厅暂时无法加载\u001b[0m\n            \u001b[36m</h2>\u001b[39m\n            \u001b[36m<p>\u001b[39m\n              \u001b[0m当前会话不可用。\u001b[0m\n            \u001b[36m</p>\u001b[39m\n            \u001b[36m<button\u001b[39m\n              \u001b[33mclass\u001b[39m=\u001b[32m\"button button--primary\"\u001b[39m\n              \u001b[33mtype\u001b[39m=\u001b[32m\"button\"\u001b[39m\n            \u001b[36m>\u001b[39m\n              \u001b[0m重新加载\u001b[0m\n            \u001b[36m</button>\u001b[39m\n          \u001b[36m</div>\u001b[39m\n        \u001b[36m</section>\u001b[39m\n      \u001b[36m</div>\u001b[39m\n    \u001b[36m</div>\u001b[39m\n  \u001b[36m</div>\u001b[39m\n\u001b[36m</body>\u001b[39m\n    at waitForWrapper (C:\\Users\\ALIENWARE\\Desktop\\ai-marriage-platform-design-20260815-225033\\node_modules\\@testing-library\\dom\\dist\\wait-for.js:163:27)\n    at C:\\Users\\ALIENWARE\\Desktop\\ai-marriage-platform-design-20260815-225033\\node_modules\\@testing-library\\dom\\dist\\query-helpers.js:86:33\n    at C:\\Users\\ALIENWARE\\Desktop\\ai-marriage-platform-design-20260815-225033\\apps\\web\\src\\app\\router.test.tsx:93:25\n    at file:///C:/Users/ALIENWARE/Desktop/ai-marriage-platform-design-20260815-225033/node_modules/@vitest/runner/dist/chunk-hooks.js:155:11\n    at file:///C:/Users/ALIENWARE/Desktop/ai-marriage-platform-design-20260815-225033/node_modules/@vitest/runner/dist/chunk-hooks.js:752:26\n    at file:///C:/Users/ALIENWARE/Desktop/ai-marriage-platform-design-20260815-225033/node_modules/@vitest/runner/dist/chunk-hooks.js:1897:20\n    at new Promise (<anonymous>)\n    at runWithTimeout (file:///C:/Users/ALIENWARE/Desktop/ai-marriage-platform-design-20260815-225033/node_modules/@vitest/runner/dist/chunk-hooks.js:1863:10)\n    at runTest (file:///C:/Users/ALIENWARE/Desktop/ai-marriage-platform-design-20260815-225033/node_modules/@vitest/runner/dist/chunk-hooks.js:1574:12)\n    at runSuite (file:///C:/Users/ALIENWARE/Desktop/ai-marriage-platform-design-20260815-225033/node_modules/@vitest/runner/dist/chunk-hooks.js:1729:8)"],"meta":{}},{"ancestorTitles":["前端路由访问控制"],"fullName":"前端路由访问控制 公开匹配路由确认会话发生网络错误时闭锁内容并支持重试","status":"failed","title":"公开匹配路由确认会话发生网络错误时闭锁内容并支持重试","duration":1154.8396000000002,"failureMessages":["Error: Unable to find role=\"heading\" and name \"寻找适合你的缘分\"\n\nIgnored nodes: comments, script, style\n\u001b[36m<body>\u001b[39m\n  \u001b[36m<div>\u001b[39m\n    \u001b[36m<output\u001b[39m\n      \u001b[33mdata-testid\u001b[39m=\u001b[32m\"route-location\"\u001b[39m\n    \u001b[36m>\u001b[39m\n      \u001b[0m/find\u001b[0m\n    \u001b[36m</output>\u001b[39m\n    \u001b[36m<div\u001b[39m\n      \u001b[33mclass\u001b[39m=\u001b[32m\"page-shell shell\"\u001b[39m\n    \u001b[36m>\u001b[39m\n      \u001b[36m<header\u001b[39m\n        \u001b[33mclass\u001b[39m=\u001b[32m\"page-header page-header--split find-header\"\u001b[39m\n      \u001b[36m>\u001b[39m\n        \u001b[36m<div>\u001b[39m\n          \u001b[36m<span>\u001b[39m\n            \u001b[0m匹配大厅\u001b[0m\n          \u001b[36m</span>\u001b[39m\n          \u001b[36m<h1>\u001b[39m\n            \u001b[0m匹配大厅\u001b[0m\n          \u001b[36m</h1>\u001b[39m\n          \u001b[36m<p>\u001b[39m\n            \u001b[0m按你在意的条件筛选，也可以先看看更多真实生活信息。\u001b[0m\n          \u001b[36m</p>\u001b[39m\n        \u001b[36m</div>\u001b[39m\n        \u001b[36m<button\u001b[39m\n          \u001b[33mclass\u001b[39m=\u001b[32m\"button button--soft mobile-filter-button\"\u001b[39m\n          \u001b[33mtype\u001b[39m=\u001b[32m\"button\"\u001b[39m\n        \u001b[36m>\u001b[39m\n          \u001b[36m<svg\u001b[39m\n            \u001b[33mclass\u001b[39m=\u001b[32m\"lucide lucide-sliders-horizontal\"\u001b[39m\n            \u001b[33mfill\u001b[39m=\u001b[32m\"none\"\u001b[39m\n            \u001b[33mheight\u001b[39m=\u001b[32m\"24\"\u001b[39m\n            \u001b[33mstroke\u001b[39m=\u001b[32m\"currentColor\"\u001b[39m\n            \u001b[33mstroke-linecap\u001b[39m=\u001b[32m\"round\"\u001b[39m\n            \u001b[33mstroke-linejoin\u001b[39m=\u001b[32m\"round\"\u001b[39m\n            \u001b[33mstroke-width\u001b[39m=\u001b[32m\"2\"\u001b[39m\n            \u001b[33mviewBox\u001b[39m=\u001b[32m\"0 0 24 24\"\u001b[39m\n            \u001b[33mwidth\u001b[39m=\u001b[32m\"24\"\u001b[39m\n            \u001b[33mxmlns\u001b[39m=\u001b[32m\"http://www.w3.org/2000/svg\"\u001b[39m\n          \u001b[36m>\u001b[39m\n            \u001b[36m<line\u001b[39m\n              \u001b[33mx1\u001b[39m=\u001b[32m\"21\"\u001b[39m\n              \u001b[33mx2\u001b[39m=\u001b[32m\"14\"\u001b[39m\n              \u001b[33my1\u001b[39m=\u001b[32m\"4\"\u001b[39m\n              \u001b[33my2\u001b[39m=\u001b[32m\"4\"\u001b[39m\n            \u001b[36m/>\u001b[39m\n            \u001b[36m<line\u001b[39m\n              \u001b[33mx1\u001b[39m=\u001b[32m\"10\"\u001b[39m\n              \u001b[33mx2\u001b[39m=\u001b[32m\"3\"\u001b[39m\n              \u001b[33my1\u001b[39m=\u001b[32m\"4\"\u001b[39m\n              \u001b[33my2\u001b[39m=\u001b[32m\"4\"\u001b[39m\n            \u001b[36m/>\u001b[39m\n            \u001b[36m<line\u001b[39m\n              \u001b[33mx1\u001b[39m=\u001b[32m\"21\"\u001b[39m\n              \u001b[33mx2\u001b[39m=\u001b[32m\"12\"\u001b[39m\n              \u001b[33my1\u001b[39m=\u001b[32m\"12\"\u001b[39m\n              \u001b[33my2\u001b[39m=\u001b[32m\"12\"\u001b[39m\n            \u001b[36m/>\u001b[39m\n            \u001b[36m<line\u001b[39m\n              \u001b[33mx1\u001b[39m=\u001b[32m\"8\"\u001b[39m\n              \u001b[33mx2\u001b[39m=\u001b[32m\"3\"\u001b[39m\n              \u001b[33my1\u001b[39m=\u001b[32m\"12\"\u001b[39m\n              \u001b[33my2\u001b[39m=\u001b[32m\"12\"\u001b[39m\n            \u001b[36m/>\u001b[39m\n            \u001b[36m<line\u001b[39m\n              \u001b[33mx1\u001b[39m=\u001b[32m\"21\"\u001b[39m\n              \u001b[33mx2\u001b[39m=\u001b[32m\"16\"\u001b[39m\n              \u001b[33my1\u001b[39m=\u001b[32m\"20\"\u001b[39m\n              \u001b[33my2\u001b[39m=\u001b[32m\"20\"\u001b[39m\n            \u001b[36m/>\u001b[39m\n            \u001b[36m<line\u001b[39m\n              \u001b[33mx1\u001b[39m=\u001b[32m\"12\"\u001b[39m\n              \u001b[33mx2\u001b[39m=\u001b[32m\"3\"\u001b[39m\n              \u001b[33my1\u001b[39m=\u001b[32m\"20\"\u001b[39m\n              \u001b[33my2\u001b[39m=\u001b[32m\"20\"\u001b[39m\n            \u001b[36m/>\u001b[39m\n            \u001b[36m<line\u001b[39m\n              \u001b[33mx1\u001b[39m=\u001b[32m\"14\"\u001b[39m\n              \u001b[33mx2\u001b[39m=\u001b[32m\"14\"\u001b[39m\n              \u001b[33my1\u001b[39m=\u001b[32m\"2\"\u001b[39m\n              \u001b[33my2\u001b[39m=\u001b[32m\"6\"\u001b[39m\n            \u001b[36m/>\u001b[39m\n            \u001b[36m<line\u001b[39m\n              \u001b[33mx1\u001b[39m=\u001b[32m\"8\"\u001b[39m\n              \u001b[33mx2\u001b[39m=\u001b[32m\"8\"\u001b[39m\n              \u001b[33my1\u001b[39m=\u001b[32m\"10\"\u001b[39m\n              \u001b[33my2\u001b[39m=\u001b[32m\"14\"\u001b[39m\n            \u001b[36m/>\u001b[39m\n            \u001b[36m<line\u001b[39m\n              \u001b[33mx1\u001b[39m=\u001b[32m\"16\"\u001b[39m\n              \u001b[33mx2\u001b[39m=\u001b[32m\"16\"\u001b[39m\n              \u001b[33my1\u001b[39m=\u001b[32m\"18\"\u001b[39m\n              \u001b[33my2\u001b[39m=\u001b[32m\"22\"\u001b[39m\n            \u001b[36m/>\u001b[39m\n          \u001b[36m</svg>\u001b[39m\n          \u001b[0m 筛选条件\u001b[0m\n        \u001b[36m</button>\u001b[39m\n      \u001b[36m</header>\u001b[39m\n      \u001b[36m<section\u001b[39m\n        \u001b[33maria-label\u001b[39m=\u001b[32m\"快捷筛选城市\"\u001b[39m\n        \u001b[33mclass\u001b[39m=\u001b[32m\"find-summary\"\u001b[39m\n      \u001b[36m>\u001b[39m\n        \u001b[36m<div\u001b[39m\n          \u001b[33mclass\u001b[39m=\u001b[32m\"find-summary__title\"\u001b[39m\n        \u001b[36m>\u001b[39m\n          \u001b[36m<span>\u001b[39m\n            \u001b[0m快捷筛选\u001b[0m\n          \u001b[36m</span>\u001b[39m\n          \u001b[36m<strong>\u001b[39m\n            \u001b[0m按城市快速锁定最适合的缘分\u001b[0m\n          \u001b[36m</strong>\u001b[39m\n        \u001b[36m</div>\u001b[39m\n        \u001b[36m<div\u001b[39m\n          \u001b[33mclass\u001b[39m=\u001b[32m\"find-preset-row\"\u001b[39m\n        \u001b[36m>\u001b[39m\n          \u001b[36m<button\u001b[39m\n            \u001b[33mclass\u001b[39m=\u001b[32m\"quick-search-preset is-selected\"\u001b[39m\n            \u001b[33mtype\u001b[39m=\u001b[32m\"button\"\u001b[39m\n          \u001b[36m>\u001b[39m\n            \u001b[0m不限\u001b[0m\n          \u001b[36m</button>\u001b[39m\n          \u001b[36m<button\u001b[39m\n            \u001b[33mclass\u001b[39m=\u001b[32m\"quick-search-preset \"\u001b[39m\n            \u001b[33mtype\u001b[39m=\u001b[32m\"button\"\u001b[39m\n          \u001b[36m>\u001b[39m\n            \u001b[0m上海\u001b[0m\n          \u001b[36m</button>\u001b[39m\n          \u001b[36m<button\u001b[39m\n            \u001b[33mclass\u001b[39m=\u001b[32m\"quick-search-preset \"\u001b[39m\n            \u001b[33mtype\u001b[39m=\u001b[32m\"button\"\u001b[39m\n          \u001b[36m>\u001b[39m\n            \u001b[0m杭州\u001b[0m\n          \u001b[36m</button>\u001b[39m\n          \u001b[36m<button\u001b[39m\n            \u001b[33mclass\u001b[39m=\u001b[32m\"quick-search-preset \"\u001b[39m\n            \u001b[33mtype\u001b[39m=\u001b[32m\"button\"\u001b[39m\n          \u001b[36m>\u001b[39m\n            \u001b[0m苏州\u001b[0m\n          \u001b[36m</button>\u001b[39m\n          \u001b[36m<button\u001b[39m\n            \u001b[33mclass\u001b[39m=\u001b[32m\"quick-search-preset \"\u001b[39m\n            \u001b[33mtype\u001b[39m=\u001b[32m\"button\"\u001b[39m\n          \u001b[36m>\u001b[39m\n            \u001b[0m南京\u001b[0m\n          \u001b[36m</button>\u001b[39m\n        \u001b[36m</div>\u001b[39m\n      \u001b[36m</section>\u001b[39m\n      \u001b[36m<div\u001b[39m\n        \u001b[33mclass\u001b[39m=\u001b[32m\"find-layout\"\u001b[39m\n      \u001b[36m>\u001b[39m\n        \u001b[36m<aside\u001b[39m\n          \u001b[33maria-label\u001b[39m=\u001b[32m\"筛选条件\"\u001b[39m\n          \u001b[33mclass\u001b[39m=\u001b[32m\"filter-panel \"\u001b[39m\n        \u001b[36m>\u001b[39m\n          \u001b[36m<div\u001b[39m\n            \u001b[33mclass\u001b[39m=\u001b[32m\"filter-panel__head\"\u001b[39m\n          \u001b[36m>\u001b[39m\n            \u001b[36m<strong>\u001b[39m\n              \u001b[36m<svg\u001b[39m\n                \u001b[33mclass\u001b[39m=\u001b[32m\"lucide lucide-filter\"\u001b[39m\n                \u001b[33mfill\u001b[39m=\u001b[32m\"none\"\u001b[39m\n                \u001b[33mheight\u001b[39m=\u001b[32m\"24\"\u001b[39m\n                \u001b[33mstroke\u001b[39m=\u001b[32m\"currentColor\"\u001b[39m\n                \u001b[33mstroke-linecap\u001b[39m=\u001b[32m\"round\"\u001b[39m\n                \u001b[33mstroke-linejoin\u001b[39m=\u001b[32m\"round\"\u001b[39m\n                \u001b[33mstroke-width\u001b[39m=\u001b[32m\"2\"\u001b[39m\n                \u001b[33mviewBox\u001b[39m=\u001b[32m\"0 0 24 24\"\u001b[39m\n                \u001b[33mwidth\u001b[39m=\u001b[32m\"24\"\u001b[39m\n                \u001b[33mxmlns\u001b[39m=\u001b[32m\"http://www.w3.org/2000/svg\"\u001b[39m\n              \u001b[36m>\u001b[39m\n                \u001b[36m<polygon\u001b[39m\n                  \u001b[33mpoints\u001b[39m=\u001b[32m\"22 3 2 3 10 12.46 10 19 14 21 14 12.46 22 3\"\u001b[39m\n                \u001b[36m/>\u001b[39m\n              \u001b[36m</svg>\u001b[39m\n              \u001b[0m筛选条件\u001b[0m\n            \u001b[36m</strong>\u001b[39m\n            \u001b[36m<span>\u001b[39m\n              \u001b[0m已选 \u001b[0m\n              \u001b[0m0\u001b[0m\n              \u001b[0m 项\u001b[0m\n            \u001b[36m</span>\u001b[39m\n          \u001b[36m</div>\u001b[39m\n          \u001b[36m<label>\u001b[39m\n            \u001b[36m<span>\u001b[39m\n              \u001b[0m想认识\u001b[0m\n            \u001b[36m</span>\u001b[39m\n            \u001b[36m<select>\u001b[39m\n              \u001b[36m<option>\u001b[39m\n                \u001b[0m不限\u001b[0m\n              \u001b[36m</option>\u001b[39m\n              \u001b[36m<option>\u001b[39m\n                \u001b[0m女性\u001b[0m\n              \u001b[36m</option>\u001b[39m\n              \u001b[36m<option>\u001b[39m\n                \u001b[0m男性\u001b[0m\n              \u001b[36m</option>\u001b[39m\n            \u001b[36m</select>\u001b[39m\n          \u001b[36m</label>\u001b[39m\n          \u001b[36m<fieldset>\u001b[39m\n            \u001b[36m<legend>\u001b[39m\n              \u001b[0m年龄范围\u001b[0m\n            \u001b[36m</legend>\u001b[39m\n            \u001b[36m<select\u001b[39m\n              \u001b[33maria-label\u001b[39m=\u001b[32m\"最小年龄\"\u001b[39m\n            \u001b[36m>\u001b[39m\n              \u001b[36m<option>\u001b[39m\n                \u001b[0m35\u001b[0m\n              \u001b[36m</option>\u001b[39m\n              \u001b[36m<option>\u001b[39m\n                \u001b[0m40\u001b[0m\n              \u001b[36m</option>\u001b[39m\n              \u001b[36m<option>\u001b[39m\n                \u001b[0m45\u001b[0m\n              \u001b[36m</option>\u001b[39m\n              \u001b[36m<option>\u001b[39m\n                \u001b[0m50\u001b[0m\n              \u001b[36m</option>\u001b[39m\n              \u001b[36m<option>\u001b[39m\n                \u001b[0m55\u001b[0m\n              \u001b[36m</option>\u001b[39m\n            \u001b[36m</select>\u001b[39m\n            \u001b[36m<span>\u001b[39m\n              \u001b[0m至\u001b[0m\n            \u001b[36m</span>\u001b[39m\n            \u001b[36m<select\u001b[39m\n              \u001b[33maria-label\u001b[39m=\u001b[32m\"最大年龄\"\u001b[39m\n            \u001b[36m>\u001b[39m\n              \u001b[36m<option>\u001b[39m\n                \u001b[0m45\u001b[0m\n              \u001b[36m</option>\u001b[39m\n              \u001b[36m<option>\u001b[39m\n                \u001b[0m50\u001b[0m\n              \u001b[36m</option>\u001b[39m\n              \u001b[36m<option>\u001b[39m\n                \u001b[0m55\u001b[0m\n              \u001b[36m</option>\u001b[39m\n              \u001b[36m<option>\u001b[39m\n                \u001b[0m60\u001b[0m\n              \u001b[36m</option>\u001b[39m\n              \u001b[36m<option>\u001b[39m\n                \u001b[0m65\u001b[0m\n              \u001b[36m</option>\u001b[39m\n            \u001b[36m</select>\u001b[39m\n          \u001b[36m</fieldset>\u001b[39m\n          \u001b[36m<label>\u001b[39m\n            \u001b[36m<span>\u001b[39m\n              \u001b[0m所在城市\u001b[0m\n            \u001b[36m</span>\u001b[39m\n            \u001b[36m<select\u001b[39m\n              \u001b[33maria-label\u001b[39m=\u001b[32m\"所在城市\"\u001b[39m\n            \u001b[36m>\u001b[39m\n              \u001b[36m<option>\u001b[39m\n                \u001b[0m不限\u001b[0m\n              \u001b[36m</option>\u001b[39m\n              \u001b[36m<option>\u001b[39m\n                \u001b[0m上海\u001b[0m\n              \u001b[36m</option>\u001b[39m\n              \u001b[36m<option>\u001b[39m\n                \u001b[0m杭州\u001b[0m\n              \u001b[36m</option>\u001b[39m\n              \u001b[36m<option>\u001b[39m\n                \u001b[0m苏州\u001b[0m\n              \u001b[36m</option>\u001b[39m\n              \u001b[36m<option>\u001b[39m\n                \u001b[0m南京\u001b[0m\n              \u001b[36m</option>\u001b[39m\n            \u001b[36m</select>\u001b[39m\n          \u001b[36m</label>\u001b[39m\n          \u001b[36m<label>\u001b[39m\n            \u001b[36m<span>\u001b[39m\n              \u001b[0m婚姻状态\u001b[0m\n            \u001b[36m</span>\u001b[39m\n            \u001b[36m<select>\u001b[39m\n              \u001b[36m<option>\u001b[39m\n                \u001b[0m不限\u001b[0m\n              \u001b[36m</option>\u001b[39m\n              \u001b[36m<option>\u001b[39m\n                \u001b[0m未婚\u001b[0m\n              \u001b[36m</option>\u001b[39m\n              \u001b[36m<option>\u001b[39m\n                \u001b[0m离异\u001b[0m\n              \u001b[36m</option>\u001b[39m\n              \u001b[36m<option>\u001b[39m\n                \u001b[0m丧偶\u001b[0m\n              \u001b[36m</option>\u001b[39m\n            \u001b[36m</select>\u001b[39m\n          \u001b[36m</label>\u001b[39m\n          \u001b[36m<label>\u001b[39m\n            \u001b[36m<span>\u001b[39m\n              \u001b[0m交往目标\u001b[0m\n            \u001b[36m</span>\u001b[39m\n            \u001b[36m<select>\u001b[39m\n              \u001b[36m<option>\u001b[39m\n                \u001b[0m不限\u001b[0m\n              \u001b[36m</option>\u001b[39m\n              \u001b[36m<option>\u001b[39m\n                \u001b[0m认真交往\u001b[0m\n              \u001b[36m</option>\u001b[39m\n              \u001b[36m<option>\u001b[39m\n                \u001b[0m以结婚为目标\u001b[0m\n              \u001b[36m</option>\u001b[39m\n              \u001b[36m<option>\u001b[39m\n                \u001b[0m先认识了解\u001b[0m\n              \u001b[36m</option>\u001b[39m\n            \u001b[36m</select>\u001b[39m\n          \u001b[36m</label>\u001b[39m\n          \u001b[36m<label>\u001b[39m\n            \u001b[36m<span>\u001b[39m\n              \u001b[0m吸烟情况\u001b[0m\n            \u001b[36m</span>\u001b[39m\n            \u001b[36m<select\u001b[39m\n              \u001b[33maria-label\u001b[39m=\u001b[32m\"吸烟情况\"\u001b[39m\n            \u001b[36m>\u001b[39m\n              \u001b[36m<option>\u001b[39m\n                \u001b[0m不限\u001b[0m\n              \u001b[36m</option>\u001b[39m\n              \u001b[36m<option>\u001b[39m\n                \u001b[0m不吸烟\u001b[0m\n              \u001b[36m</option>\u001b[39m\n              \u001b[36m<option>\u001b[39m\n                \u001b[0m偶尔吸烟\u001b[0m\n              \u001b[36m</option>\u001b[39m\n              \u001b[36m<option>\u001b[39m\n                \u001b[0m吸烟\u001b[0m\n              \u001b[36m</option>\u001b[39m\n            \u001b[36m</select>\u001b[39m\n          \u001b[36m</label>\u001b[39m\n          \u001b[36m<label>\u001b[39m\n            \u001b[36m<span>\u001b[39m\n              \u001b[0m子女情况\u001b[0m\n            \u001b[36m</span>\u001b[39m\n            \u001b[36m<select\u001b[39m\n              \u001b[33maria-label\u001b[39m=\u001b[32m\"子女情况\"\u001b[39m\n            \u001b[36m>\u001b[39m\n              \u001b[36m<option>\u001b[39m\n                \u001b[0m不限\u001b[0m\n              \u001b[36m</option>\u001b[39m\n              \u001b[36m<option>\u001b[39m\n                \u001b[0m无子女\u001b[0m\n              \u001b[36m</option>\u001b[39m\n              \u001b[36m<option>\u001b[39m\n                \u001b[0m有子女\u001b[0m\n              \u001b[36m</option>\u001b[39m\n              \u001b[36m<option>\u001b[39m\n                \u001b[0m子女已成年\u001b[0m\n              \u001b[36m</option>\u001b[39m\n            \u001b[36m</select>\u001b[39m\n          \u001b[36m</label>\u001b[39m\n          \u001b[36m<label\u001b[39m\n            \u001b[33mclass\u001b[39m=\u001b[32m\"filter-checkbox\"\u001b[39m\n          \u001b[36m>\u001b[39m\n            \u001b[36m<input\u001b[39m\n              \u001b[33mtype\u001b[39m=\u001b[32m\"checkbox\"\u001b[39m\n            \u001b[36m/>\u001b[39m\n            \u001b[36m<span>\u001b[39m\n              \u001b[0m仅看有照片\u001b[0m\n            \u001b[36m</span>\u001b[39m\n          \u001b[36m</label>\u001b[39m\n          \u001b[36m<div\u001b[39m\n            \u001b[33mclass\u001b[39m=\u001b[32m\"filter-panel__actions\"\u001b[39m\n          \u001b[36m>\u001b[39m\n            \u001b[36m<button\u001b[39m\n              \u001b[33mclass\u001b[39m=\u001b[32m\"button button--primary\"\u001b[39m\n              \u001b[33mtype\u001b[39m=\u001b[32m\"button\"\u001b[39m\n            \u001b[36m>\u001b[39m\n              \u001b[36m<svg\u001b[39m\n                \u001b[33mclass\u001b[39m=\u001b[32m\"lucide lucide-search\"\u001b[39m\n                \u001b[33mfill\u001b[39m=\u001b[32m\"none\"\u001b[39m\n                \u001b[33mheight\u001b[39m=\u001b[32m\"24\"\u001b[39m\n                \u001b[33mstroke\u001b[39m=\u001b[32m\"currentColor\"\u001b[39m\n                \u001b[33mstroke-linecap\u001b[39m=\u001b[32m\"round\"\u001b[39m\n                \u001b[33mstroke-linejoin\u001b[39m=\u001b[32m\"round\"\u001b[39m\n                \u001b[33mstroke-width\u001b[39m=\u001b[32m\"2\"\u001b[39m\n                \u001b[33mviewBox\u001b[39m=\u001b[32m\"0 0 24 24\"\u001b[39m\n                \u001b[33mwidth\u001b[39m=\u001b[32m\"24\"\u001b[39m\n                \u001b[33mxmlns\u001b[39m=\u001b[32m\"http://www.w3.org/2000/svg\"\u001b[39m\n              \u001b[36m>\u001b[39m\n                \u001b[36m<circle\u001b[39m\n                  \u001b[33mcx\u001b[39m=\u001b[32m\"11\"\u001b[39m\n                  \u001b[33mcy\u001b[39m=\u001b[32m\"11\"\u001b[39m\n                  \u001b[33mr\u001b[39m=\u001b[32m\"8\"\u001b[39m\n                \u001b[36m/>\u001b[39m\n                \u001b[36m<path\u001b[39m\n                  \u001b[33md\u001b[39m=\u001b[32m\"m21 21-4.3-4.3\"\u001b[39m\n                \u001b[36m/>\u001b[39m\n              \u001b[36m</svg>\u001b[39m\n              \u001b[0m应用筛选\u001b[0m\n            \u001b[36m</button>\u001b[39m\n            \u001b[36m<button\u001b[39m\n              \u001b[33mclass\u001b[39m=\u001b[32m\"button button--text\"\u001b[39m\n              \u001b[33mtype\u001b[39m=\u001b[32m\"button\"\u001b[39m\n            \u001b[36m>\u001b[39m\n              \u001b[36m<svg\u001b[39m\n                \u001b[33mclass\u001b[39m=\u001b[32m\"lucide lucide-rotate-ccw\"\u001b[39m\n                \u001b[33mfill\u001b[39m=\u001b[32m\"none\"\u001b[39m\n                \u001b[33mheight\u001b[39m=\u001b[32m\"24\"\u001b[39m\n                \u001b[33mstroke\u001b[39m=\u001b[32m\"currentColor\"\u001b[39m\n                \u001b[33mstroke-linecap\u001b[39m=\u001b[32m\"round\"\u001b[39m\n                \u001b[33mstroke-linejoin\u001b[39m=\u001b[32m\"round\"\u001b[39m\n                \u001b[33mstroke-width\u001b[39m=\u001b[32m\"2\"\u001b[39m\n                \u001b[33mviewBox\u001b[39m=\u001b[32m\"0 0 24 24\"\u001b[39m\n                \u001b[33mwidth\u001b[39m=\u001b[32m\"24\"\u001b[39m\n                \u001b[33mxmlns\u001b[39m=\u001b[32m\"http://www.w3.org/2000/svg\"\u001b[39m\n              \u001b[36m>\u001b[39m\n                \u001b[36m<path\u001b[39m\n                  \u001b[33md\u001b[39m=\u001b[32m\"M3 12a9 9 0 1 0 9-9 9.75 9.75 0 0 0-6.74 2.74L3 8\"\u001b[39m\n                \u001b[36m/>\u001b[39m\n                \u001b[36m<path\u001b[39m\n                  \u001b[33md\u001b[39m=\u001b[32m\"M3 3v5h5\"\u001b[39m\n                \u001b[36m/>\u001b[39m\n              \u001b[36m</svg>\u001b[39m\n              \u001b[0m重置\u001b[0m\n            \u001b[36m</button>\u001b[39m\n            \u001b[36m<button\u001b[39m\n              \u001b[33mclass\u001b[39m=\u001b[32m\"button button--soft filter-panel__cancel\"\u001b[39m\n              \u001b[33mtype\u001b[39m=\u001b[32m\"button\"\u001b[39m\n            \u001b[36m>\u001b[39m\n              \u001b[0m取消\u001b[0m\n            \u001b[36m</button>\u001b[39m\n          \u001b[36m</div>\u001b[39m\n        \u001b[36m</aside>\u001b[39m\n        \u001b[36m<section\u001b[39m\n          \u001b[33maria-label\u001b[39m=\u001b[32m\"匹配结果\"\u001b[39m\n          \u001b[33maria-live\u001b[39m=\u001b[32m\"polite\"\u001b[39m\n          \u001b[33mclass\u001b[39m=\u001b[32m\"find-results\"\u001b[39m\n        \u001b[36m>\u001b[39m\n          \u001b[36m<div\u001b[39m\n            \u001b[33mclass\u001b[39m=\u001b[32m\"result-toolbar\"\u001b[39m\n          \u001b[36m>\u001b[39m\n            \u001b[36m<div>\u001b[39m\n              \u001b[36m<strong>\u001b[39m\n                \u001b[0m找到 0 位会员\u001b[0m\n              \u001b[36m</strong>\u001b[39m\n              \u001b[36m<span>\u001b[39m\n                \u001b[0m全部城市\u001b[0m\n                \u001b[0m · 仅展示审核通过的资料\u001b[0m\n              \u001b[36m</span>\u001b[39m\n            \u001b[36m</div>\u001b[39m\n            \u001b[36m<div\u001b[39m\n              \u001b[33maria-label\u001b[39m=\u001b[32m\"结果概览\"\u001b[39m\n              \u001b[33mclass\u001b[39m=\u001b[32m\"result-toolbar__meta\"\u001b[39m\n            \u001b[36m>\u001b[39m\n              \u001b[36m<span\u001b[39m\n                \u001b[33mclass\u001b[39m=\u001b[32m\"result-toolbar__chip\"\u001b[39m\n              \u001b[36m>\u001b[39m\n                \u001b[0m更适合你\u001b[0m\n              \u001b[36m</span>\u001b[39m\n              \u001b[36m<span\u001b[39m\n                \u001b[33mclass\u001b[39m=\u001b[32m\"result-toolbar__chip result-toolbar__chip--soft\"\u001b[39m\n              \u001b[36m>\u001b[39m\n                \u001b[0m真实资料\u001b[0m\n              \u001b[36m</span>\u001b[39m\n            \u001b[36m</div>\u001b[39m\n            \u001b[36m<label>\u001b[39m\n              \u001b[36m<span>\u001b[39m\n                \u001b[0m排序\u001b[0m\n              \u001b[36m</span>\u001b[39m\n              \u001b[36m<select\u001b[39m\n                \u001b[33maria-label\u001b[39m=\u001b[32m\"排序方式\"\u001b[39m\n              \u001b[36m>\u001b[39m\n                \u001b[36m<option\u001b[39m\n                  \u001b[33mvalue\u001b[39m=\u001b[32m\"default\"\u001b[39m\n                \u001b[36m>\u001b[39m\n                  \u001b[0m默认顺序\u001b[0m\n                \u001b[36m</option>\u001b[39m\n                \u001b[36m<option\u001b[39m\n                  \u001b[33mvalue\u001b[39m=\u001b[32m\"recent-active\"\u001b[39m\n                \u001b[36m>\u001b[39m\n                  \u001b[0m最近活跃\u001b[0m\n                \u001b[36m</option>\u001b[39m\n                \u001b[36m<option\u001b[39m\n                  \u001b[33mvalue\u001b[39m=\u001b[32m\"newest\"\u001b[39m\n                \u001b[36m>\u001b[39m\n                  \u001b[0m最新加入\u001b[0m\n                \u001b[36m</option>\u001b[39m\n                \u001b[36m<option\u001b[39m\n                  \u001b[33mvalue\u001b[39m=\u001b[32m\"age-asc\"\u001b[39m\n                \u001b[36m>\u001b[39m\n                  \u001b[0m年龄从小到大\u001b[0m\n                \u001b[36m</option>\u001b[39m\n                \u001b[36m<option\u001b[39m\n                  \u001b[33mvalue\u001b[39m=\u001b[32m\"age-desc\"\u001b[39m\n                \u001b[36m>\u001b[39m\n                  \u001b[0m年龄从大到小\u001b[0m\n                \u001b[36m</option>\u001b[39m\n              \u001b[36m</select>\u001b[39m\n            \u001b[36m</label>\u001b[39m\n          \u001b[36m</div>\u001b[39m\n          \u001b[36m<div\u001b[39m\n            \u001b[33mclass\u001b[39m=\u001b[32m\"empty-state\"\u001b[39m\n            \u001b[33mrole\u001b[39m=\u001b[32m\"alert\"\u001b[39m\n          \u001b[36m>\u001b[39m\n            \u001b[36m<svg\u001b[39m\n              \u001b[33mclass\u001b[39m=\u001b[32m\"lucide lucide-search\"\u001b[39m\n              \u001b[33mfill\u001b[39m=\u001b[32m\"none\"\u001b[39m\n              \u001b[33mheight\u001b[39m=\u001b[32m\"38\"\u001b[39m\n              \u001b[33mstroke\u001b[39m=\u001b[32m\"currentColor\"\u001b[39m\n              \u001b[33mstroke-linecap\u001b[39m=\u001b[32m\"round\"\u001b[39m\n              \u001b[33mstroke-linejoin\u001b[39m=\u001b[32m\"round\"\u001b[39m\n              \u001b[33mstroke-width\u001b[39m=\u001b[32m\"2\"\u001b[39m\n              \u001b[33mviewBox\u001b[39m=\u001b[32m\"0 0 24 24\"\u001b[39m\n              \u001b[33mwidth\u001b[39m=\u001b[32m\"38\"\u001b[39m\n              \u001b[33mxmlns\u001b[39m=\u001b[32m\"http://www.w3.org/2000/svg\"\u001b[39m\n            \u001b[36m>\u001b[39m\n              \u001b[36m<circle\u001b[39m\n                \u001b[33mcx\u001b[39m=\u001b[32m\"11\"\u001b[39m\n                \u001b[33mcy\u001b[39m=\u001b[32m\"11\"\u001b[39m\n                \u001b[33mr\u001b[39m=\u001b[32m\"8\"\u001b[39m\n              \u001b[36m/>\u001b[39m\n              \u001b[36m<path\u001b[39m\n                \u001b[33md\u001b[39m=\u001b[32m\"m21 21-4.3-4.3\"\u001b[39m\n              \u001b[36m/>\u001b[39m\n            \u001b[36m</svg>\u001b[39m\n            \u001b[36m<h2>\u001b[39m\n              \u001b[0m匹配大厅暂时无法加载\u001b[0m\n            \u001b[36m</h2>\u001b[39m\n            \u001b[36m<p>\u001b[39m\n              \u001b[0m服务暂时无法连接，请稍后重试。\u001b[0m\n            \u001b[36m</p>\u001b[39m\n            \u001b[36m<button\u001b[39m\n              \u001b[33mclass\u001b[39m=\u001b[32m\"button button--primary\"\u001b[39m\n              \u001b[33mtype\u001b[39m=\u001b[32m\"button\"\u001b[39m\n            \u001b[36m>\u001b[39m\n              \u001b[0m重新加载\u001b[0m\n            \u001b[36m</button>\u001b[39m\n          \u001b[36m</div>\u001b[39m\n        \u001b[36m</section>\u001b[39m\n      \u001b[36m</div>\u001b[39m\n    \u001b[36m</div>\u001b[39m\n  \u001b[36m</div>\u001b[39m\n\u001b[36m</body>\u001b[39m\n    at waitForWrapper (C:\\Users\\ALIENWARE\\Desktop\\ai-marriage-platform-design-20260815-225033\\node_modules\\@testing-library\\dom\\dist\\wait-for.js:163:27)\n    at C:\\Users\\ALIENWARE\\Desktop\\ai-marriage-platform-design-20260815-225033\\node_modules\\@testing-library\\dom\\dist\\query-helpers.js:86:33\n    at C:\\Users\\ALIENWARE\\Desktop\\ai-marriage-platform-design-20260815-225033\\apps\\web\\src\\app\\router.test.tsx:111:25\n    at file:///C:/Users/ALIENWARE/Desktop/ai-marriage-platform-design-20260815-225033/node_modules/@vitest/runner/dist/chunk-hooks.js:752:20"],"meta":{}},{"ancestorTitles":["前端路由访问控制"],"fullName":"前端路由访问控制 公开匹配路由确认会话收到服务异常时显示可恢复状态","status":"passed","title":"公开匹配路由确认会话收到服务异常时显示可恢复状态","duration":38.65950000000066,"failureMessages":[],"meta":{}},{"ancestorTitles":["前端路由访问控制"],"fullName":"前端路由访问控制 生活动态页面保持公开且不经过匹配账号守卫","status":"passed","title":"生活动态页面保持公开且不经过匹配账号守卫","duration":32.00619999999981,"failureMessages":[],"meta":{}},{"ancestorTitles":["前端路由访问控制"],"fullName":"前端路由访问控制 线下活动页面保持公开且不经过匹配账号守卫","status":"passed","title":"线下活动页面保持公开且不经过匹配账号守卫","duration":15.697699999999713,"failureMessages":[],"meta":{}},{"ancestorTitles":["前端路由访问控制"],"fullName":"前端路由访问控制 幸福案例页面保持公开且不经过匹配账号守卫","status":"passed","title":"幸福案例页面保持公开且不经过匹配账号守卫","duration":9.85189999999966,"failureMessages":[],"meta":{}},{"ancestorTitles":["前端路由访问控制"],"fullName":"前端路由访问控制 婚恋课堂页面保持公开且不经过匹配账号守卫","status":"passed","title":"婚恋课堂页面保持公开且不经过匹配账号守卫","duration":10.667099999999664,"failureMessages":[],"meta":{}},{"ancestorTitles":["前端路由访问控制"],"fullName":"前端路由访问控制 安全中心页面保持公开且不经过匹配账号守卫","status":"passed","title":"安全中心页面保持公开且不经过匹配账号守卫","duration":26.733900000000176,"failureMessages":[],"meta":{}},{"ancestorTitles":["前端路由访问控制"],"fullName":"前端路由访问控制 普通用户访问后台时看到清晰的无权限页面且不会请求后台数据","status":"passed","title":"普通用户访问后台时看到清晰的无权限页面且不会请求后台数据","duration":27.391700000000128,"failureMessages":[],"meta":{}},{"ancestorTitles":["前端路由访问控制"],"fullName":"前端路由访问控制 管理员可以进入后台路由","status":"passed","title":"管理员可以进入后台路由","duration":17.45260000000053,"failureMessages":[],"meta":{}},{"ancestorTitles":["前端路由访问控制"],"fullName":"前端路由访问控制 审核员可以进入后台路由并只看到审核入口","status":"passed","title":"审核员可以进入后台路由并只看到审核入口","duration":27.768800000000738,"failureMessages":[],"meta":{}},{"ancestorTitles":["前端路由访问控制"],"fullName":"前端路由访问控制 身份服务暂时不可用时提供重试，不把已保存账号误判为退出登录","status":"passed","title":"身份服务暂时不可用时提供重试，不把已保存账号误判为退出登录","duration":23.78989999999976,"failureMessages":[],"meta":{}},{"ancestorTitles":["前端路由访问控制"],"fullName":"前端路由访问控制 suspended 用户访问 /find 时转到账号安全页","status":"passed","title":"suspended 用户访问 /find 时转到账号安全页","duration":53.92579999999998,"failureMessages":[],"meta":{}},{"ancestorTitles":["前端路由访问控制"],"fullName":"前端路由访问控制 suspended 用户访问 /member/member-zhou 时转到账号安全页","status":"passed","title":"suspended 用户访问 /member/member-zhou 时转到账号安全页","duration":52.12890000000061,"failureMessages":[],"meta":{}},{"ancestorTitles":["前端路由访问控制"],"fullName":"前端路由访问控制 suspended 用户访问 /matchmaking 时转到账号安全页","status":"passed","title":"suspended 用户访问 /matchmaking 时转到账号安全页","duration":43.17360000000008,"failureMessages":[],"meta":{}},{"ancestorTitles":["前端路由访问控制"],"fullName":"前端路由访问控制 未知地址显示 404 页面并提供安全入口","status":"passed","title":"未知地址显示 404 页面并提供安全入口","duration":18.573099999999613,"failureMessages":[],"meta":{}}],"startTime":1786936957048,"endTime":1786936959975.573,"status":"failed","message":"","name":"C:/Users/ALIENWARE/Desktop/ai-marriage-platform-design-20260815-225033/apps/web/src/app/router.test.tsx"},{"assertionResults":[{"ancestorTitles":["匹配大厅"],"fullName":"匹配大厅 可以按城市筛选且明确显示已选条件数","status":"passed","title":"可以按城市筛选且明确显示已选条件数","duration":298.5358000000001,"failureMessages":[],"meta":{}},{"ancestorTitles":["匹配大厅"],"fullName":"匹配大厅 接口失败时显示重试入口且不展示静态会员","status":"passed","title":"接口失败时显示重试入口且不展示静态会员","duration":54.27449999999999,"failureMessages":[],"meta":{}},{"ancestorTitles":["匹配大厅"],"fullName":"匹配大厅 支持按年龄、最近活跃和最新加入切换稳定顺序","status":"passed","title":"支持按年龄、最近活跃和最新加入切换稳定顺序","duration":445.2528999999997,"failureMessages":[],"meta":{}},{"ancestorTitles":["匹配大厅"],"fullName":"匹配大厅 可以筛选仅看有照片、吸烟情况和子女情况","status":"passed","title":"可以筛选仅看有照片、吸烟情况和子女情况","duration":349.8771999999999,"failureMessages":[],"meta":{}},{"ancestorTitles":["匹配大厅"],"fullName":"匹配大厅 扩展字段缺失时不报错，筛选会排除未知资料且排序保持稳定","status":"passed","title":"扩展字段缺失时不报错，筛选会排除未知资料且排序保持稳定","duration":439.7408999999998,"failureMessages":[],"meta":{}},{"ancestorTitles":["匹配大厅"],"fullName":"匹配大厅 首屏显示六位会员并可继续加载剩余结果","status":"passed","title":"首屏显示六位会员并可继续加载剩余结果","duration":170.80949999999984,"failureMessages":[],"meta":{}}],"startTime":1786936955698,"endTime":1786936957456.8096,"status":"passed","message":"","name":"C:/Users/ALIENWARE/Desktop/ai-marriage-platform-design-20260815-225033/apps/web/src/pages/FindPage.test.tsx"}]}