{"numTotalTestSuites":2,"numPassedTestSuites":0,"numFailedTestSuites":2,"numPendingTestSuites":0,"numTotalTests":27,"numPassedTests":26,"numFailedTests":1,"numPendingTests":0,"numTodoTests":0,"snapshot":{"added":0,"failure":false,"filesAdded":0,"filesRemoved":0,"filesRemovedList":[],"filesUnmatched":0,"filesUpdated":0,"matched":0,"total":0,"unchecked":0,"uncheckedKeysByFile":[],"unmatched":0,"updated":0,"didUpdate":false},"startTime":1786937765534,"success":false,"testResults":[{"assertionResults":[{"ancestorTitles":["匹配大厅"],"fullName":"匹配大厅 加载推荐和关系数据，只展示容易理解的匹配理由","status":"passed","title":"加载推荐和关系数据，只展示容易理解的匹配理由","duration":80.62700000000018,"failureMessages":[],"meta":{}},{"ancestorTitles":["匹配大厅"],"fullName":"匹配大厅 按游标加载更多推荐并去除重复会员","status":"passed","title":"按游标加载更多推荐并去除重复会员","duration":100.5422000000001,"failureMessages":[],"meta":{}},{"ancestorTitles":["匹配大厅"],"fullName":"匹配大厅 会汇总收到的喜欢和互相心仪，给用户更明确的互动提醒","status":"passed","title":"会汇总收到的喜欢和互相心仪，给用户更明确的互动提醒","duration":25.11369999999988,"failureMessages":[],"meta":{}},{"ancestorTitles":["匹配大厅"],"fullName":"匹配大厅 在匹配大厅中提前给出 AI 约会顾问建议，帮助用户更稳妥地推进聊聊","status":"failed","title":"在匹配大厅中提前给出 AI 约会顾问建议，帮助用户更稳妥地推进聊聊","duration":112.82320000000004,"failureMessages":["TestingLibraryElementError: Unable to find an accessible element with the role \"heading\" and name \"AI 约会顾问\"\n\nHere are the accessible roles:\n\n  banner:\n\n  Name \"\":\n  \u001b[36m<header\u001b[39m\n    \u001b[33mclass\u001b[39m=\u001b[32m\"page-header page-header--split matchmaking-page__header\"\u001b[39m\n  \u001b[36m/>\u001b[39m\n\n  --------------------------------------------------\n  heading:\n\n  Name \"认真了解，从合适的人开始\":\n  \u001b[36m<h1 />\u001b[39m\n\n  Name \"林婉清，46 岁\":\n  \u001b[36m<h2 />\u001b[39m\n\n  --------------------------------------------------\n  paragraph:\n\n  Name \"\":\n  \u001b[36m<p />\u001b[39m\n\n  Name \"\":\n  \u001b[36m<p />\u001b[39m\n\n  Name \"\":\n  \u001b[36m<p />\u001b[39m\n\n  Name \"\":\n  \u001b[36m<p />\u001b[39m\n\n  --------------------------------------------------\n  strong:\n\n  Name \"\":\n  \u001b[36m<strong />\u001b[39m\n\n  Name \"\":\n  \u001b[36m<strong />\u001b[39m\n\n  Name \"\":\n  \u001b[36m<strong />\u001b[39m\n\n  Name \"\":\n  \u001b[36m<strong />\u001b[39m\n\n  Name \"\":\n  \u001b[36m<strong />\u001b[39m\n\n  Name \"\":\n  \u001b[36m<strong />\u001b[39m\n\n  Name \"\":\n  \u001b[36m<strong />\u001b[39m\n\n  Name \"\":\n  \u001b[36m<strong />\u001b[39m\n\n  Name \"\":\n  \u001b[36m<strong />\u001b[39m\n\n  --------------------------------------------------\n  region:\n\n  Name \"推荐筛选\":\n  \u001b[36m<section\u001b[39m\n    \u001b[33maria-label\u001b[39m=\u001b[32m\"推荐筛选\"\u001b[39m\n    \u001b[33mclass\u001b[39m=\u001b[32m\"matchmaking-tools\"\u001b[39m\n  \u001b[36m/>\u001b[39m\n\n  Name \"AI 约会顾问\":\n  \u001b[36m<section\u001b[39m\n    \u001b[33maria-label\u001b[39m=\u001b[32m\"AI 约会顾问\"\u001b[39m\n    \u001b[33mclass\u001b[39m=\u001b[32m\"matchmaking-advisor\"\u001b[39m\n  \u001b[36m/>\u001b[39m\n\n  Name \"匹配结果\":\n  \u001b[36m<section\u001b[39m\n    \u001b[33maria-label\u001b[39m=\u001b[32m\"匹配结果\"\u001b[39m\n    \u001b[33maria-live\u001b[39m=\u001b[32m\"polite\"\u001b[39m\n    \u001b[33mclass\u001b[39m=\u001b[32m\"matchmaking-results\"\u001b[39m\n  \u001b[36m/>\u001b[39m\n\n  --------------------------------------------------\n  combobox:\n\n  Name \"想认识\":\n  \u001b[36m<select\u001b[39m\n    \u001b[33maria-label\u001b[39m=\u001b[32m\"想认识\"\u001b[39m\n  \u001b[36m/>\u001b[39m\n\n  Name \"最小年龄\":\n  \u001b[36m<select\u001b[39m\n    \u001b[33maria-label\u001b[39m=\u001b[32m\"最小年龄\"\u001b[39m\n  \u001b[36m/>\u001b[39m\n\n  Name \"最大年龄\":\n  \u001b[36m<select\u001b[39m\n    \u001b[33maria-label\u001b[39m=\u001b[32m\"最大年龄\"\u001b[39m\n  \u001b[36m/>\u001b[39m\n\n  Name \"婚姻状态\":\n  \u001b[36m<select\u001b[39m\n    \u001b[33maria-label\u001b[39m=\u001b[32m\"婚姻状态\"\u001b[39m\n  \u001b[36m/>\u001b[39m\n\n  Name \"交往目标\":\n  \u001b[36m<select\u001b[39m\n    \u001b[33maria-label\u001b[39m=\u001b[32m\"交往目标\"\u001b[39m\n  \u001b[36m/>\u001b[39m\n\n  Name \"排序方式\":\n  \u001b[36m<select\u001b[39m\n    \u001b[33maria-label\u001b[39m=\u001b[32m\"排序方式\"\u001b[39m\n  \u001b[36m/>\u001b[39m\n\n  Name \"筛选方案\":\n  \u001b[36m<select\u001b[39m\n    \u001b[33maria-label\u001b[39m=\u001b[32m\"筛选方案\"\u001b[39m\n  \u001b[36m/>\u001b[39m\n\n  --------------------------------------------------\n  option:\n\n  Name \"不限\":\n  \u001b[36m<option />\u001b[39m\n\n  Name \"女性\":\n  \u001b[36m<option />\u001b[39m\n\n  Name \"男性\":\n  \u001b[36m<option />\u001b[39m\n\n  Name \"30\":\n  \u001b[36m<option />\u001b[39m\n\n  Name \"35\":\n  \u001b[36m<option />\u001b[39m\n\n  Name \"40\":\n  \u001b[36m<option />\u001b[39m\n\n  Name \"45\":\n  \u001b[36m<option />\u001b[39m\n\n  Name \"50\":\n  \u001b[36m<option />\u001b[39m\n\n  Name \"55\":\n  \u001b[36m<option />\u001b[39m\n\n  Name \"40\":\n  \u001b[36m<option />\u001b[39m\n\n  Name \"45\":\n  \u001b[36m<option />\u001b[39m\n\n  Name \"50\":\n  \u001b[36m<option />\u001b[39m\n\n  Name \"55\":\n  \u001b[36m<option />\u001b[39m\n\n  Name \"60\":\n  \u001b[36m<option />\u001b[39m\n\n  Name \"65\":\n  \u001b[36m<option />\u001b[39m\n\n  Name \"70\":\n  \u001b[36m<option />\u001b[39m\n\n  Name \"不限\":\n  \u001b[36m<option />\u001b[39m\n\n  Name \"未婚\":\n  \u001b[36m<option />\u001b[39m\n\n  Name \"离异\":\n  \u001b[36m<option />\u001b[39m\n\n  Name \"丧偶\":\n  \u001b[36m<option />\u001b[39m\n\n  Name \"不限\":\n  \u001b[36m<option />\u001b[39m\n\n  Name \"认真交往\":\n  \u001b[36m<option />\u001b[39m\n\n  Name \"以结婚为目标\":\n  \u001b[36m<option />\u001b[39m\n\n  Name \"先认识了解\":\n  \u001b[36m<option />\u001b[39m\n\n  Name \"综合推荐\":\n  \u001b[36m<option\u001b[39m\n    \u001b[33mvalue\u001b[39m=\u001b[32m\"default\"\u001b[39m\n  \u001b[36m/>\u001b[39m\n\n  Name \"年龄从小到大\":\n  \u001b[36m<option\u001b[39m\n    \u001b[33mvalue\u001b[39m=\u001b[32m\"age-asc\"\u001b[39m\n  \u001b[36m/>\u001b[39m\n\n  Name \"年龄从大到小\":\n  \u001b[36m<option\u001b[39m\n    \u001b[33mvalue\u001b[39m=\u001b[32m\"age-desc\"\u001b[39m\n  \u001b[36m/>\u001b[39m\n\n  Name \"选择已保存方案\":\n  \u001b[36m<option\u001b[39m\n    \u001b[33mvalue\u001b[39m=\u001b[32m\"\"\u001b[39m\n  \u001b[36m/>\u001b[39m\n\n  --------------------------------------------------\n  textbox:\n\n  Name \"所在城市\":\n  \u001b[36m<input\u001b[39m\n    \u001b[33maria-label\u001b[39m=\u001b[32m\"所在城市\"\u001b[39m\n    \u001b[33mplaceholder\u001b[39m=\u001b[32m\"不限城市\"\u001b[39m\n    \u001b[33mvalue\u001b[39m=\u001b[32m\"\"\u001b[39m\n  \u001b[36m/>\u001b[39m\n\n  Name \"方案名称\":\n  \u001b[36m<input\u001b[39m\n    \u001b[33maria-label\u001b[39m=\u001b[32m\"方案名称\"\u001b[39m\n    \u001b[33mmaxlength\u001b[39m=\u001b[32m\"80\"\u001b[39m\n    \u001b[33mplaceholder\u001b[39m=\u001b[32m\"例如：杭州同龄人\"\u001b[39m\n    \u001b[33mvalue\u001b[39m=\u001b[32m\"\"\u001b[39m\n  \u001b[36m/>\u001b[39m\n\n  --------------------------------------------------\n  button:\n\n  Name \"应用筛选\":\n  \u001b[36m<button\u001b[39m\n    \u001b[33mclass\u001b[39m=\u001b[32m\"button button--primary\"\u001b[39m\n    \u001b[33mtype\u001b[39m=\u001b[32m\"button\"\u001b[39m\n  \u001b[36m/>\u001b[39m\n\n  Name \"重置\":\n  \u001b[36m<button\u001b[39m\n    \u001b[33mclass\u001b[39m=\u001b[32m\"button button--soft\"\u001b[39m\n    \u001b[33mtype\u001b[39m=\u001b[32m\"button\"\u001b[39m\n  \u001b[36m/>\u001b[39m\n\n  Name \"保存当前筛选\":\n  \u001b[36m<button\u001b[39m\n    \u001b[33mclass\u001b[39m=\u001b[32m\"button button--soft\"\u001b[39m\n    \u001b[33mtype\u001b[39m=\u001b[32m\"button\"\u001b[39m\n  \u001b[36m/>\u001b[39m\n\n  Name \"先问她周末怎么安排\":\n  \u001b[36m<button\u001b[39m\n    \u001b[33mtype\u001b[39m=\u001b[32m\"button\"\u001b[39m\n  \u001b[36m/>\u001b[39m\n\n  Name \"先了解她的关系期待\":\n  \u001b[36m<button\u001b[39m\n    \u001b[33mtype\u001b[39m=\u001b[32m\"button\"\u001b[39m\n  \u001b[36m/>\u001b[39m\n\n  Name \"喜欢林婉清\":\n  \u001b[36m<button\u001b[39m\n    \u001b[33maria-label\u001b[39m=\u001b[32m\"喜欢林婉清\"\u001b[39m\n    \u001b[33mclass\u001b[39m=\u001b[32m\"button button--primary\"\u001b[39m\n    \u001b[33mtype\u001b[39m=\u001b[32m\"button\"\u001b[39m\n  \u001b[36m/>\u001b[39m\n\n  Name \"暂时跳过林婉清\":\n  \u001b[36m<button\u001b[39m\n    \u001b[33maria-label\u001b[39m=\u001b[32m\"暂时跳过林婉清\"\u001b[39m\n    \u001b[33mclass\u001b[39m=\u001b[32m\"button button--text\"\u001b[39m\n    \u001b[33mtype\u001b[39m=\u001b[32m\"button\"\u001b[39m\n  \u001b[36m/>\u001b[39m\n\n  --------------------------------------------------\n  tablist:\n\n  Name \"匹配关系\":\n  \u001b[36m<div\u001b[39m\n    \u001b[33maria-label\u001b[39m=\u001b[32m\"匹配关系\"\u001b[39m\n    \u001b[33mclass\u001b[39m=\u001b[32m\"matchmaking-tabs\"\u001b[39m\n    \u001b[33mrole\u001b[39m=\u001b[32m\"tablist\"\u001b[39m\n  \u001b[36m/>\u001b[39m\n\n  --------------------------------------------------\n  tab:\n\n  Name \"为你推荐 1\":\n  \u001b[36m<button\u001b[39m\n    \u001b[33maria-selected\u001b[39m=\u001b[32m\"true\"\u001b[39m\n    \u001b[33mclass\u001b[39m=\u001b[32m\"is-active\"\u001b[39m\n    \u001b[33mrole\u001b[39m=\u001b[32m\"tab\"\u001b[39m\n    \u001b[33mtype\u001b[39m=\u001b[32m\"button\"\u001b[39m\n  \u001b[36m/>\u001b[39m\n\n  Name \"我的心仪 0\":\n  \u001b[36m<button\u001b[39m\n    \u001b[33maria-selected\u001b[39m=\u001b[32m\"false\"\u001b[39m\n    \u001b[33mclass\u001b[39m=\u001b[32m\"\"\u001b[39m\n    \u001b[33mrole\u001b[39m=\u001b[32m\"tab\"\u001b[39m\n    \u001b[33mtype\u001b[39m=\u001b[32m\"button\"\u001b[39m\n  \u001b[36m/>\u001b[39m\n\n  Name \"收到的喜欢 0\":\n  \u001b[36m<button\u001b[39m\n    \u001b[33maria-selected\u001b[39m=\u001b[32m\"false\"\u001b[39m\n    \u001b[33mclass\u001b[39m=\u001b[32m\"\"\u001b[39m\n    \u001b[33mrole\u001b[39m=\u001b[32m\"tab\"\u001b[39m\n    \u001b[33mtype\u001b[39m=\u001b[32m\"button\"\u001b[39m\n  \u001b[36m/>\u001b[39m\n\n  Name \"互相心仪 0\":\n  \u001b[36m<button\u001b[39m\n    \u001b[33maria-selected\u001b[39m=\u001b[32m\"false\"\u001b[39m\n    \u001b[33mclass\u001b[39m=\u001b[32m\"\"\u001b[39m\n    \u001b[33mrole\u001b[39m=\u001b[32m\"tab\"\u001b[39m\n    \u001b[33mtype\u001b[39m=\u001b[32m\"button\"\u001b[39m\n  \u001b[36m/>\u001b[39m\n\n  Name \"刚刚跳过 0\":\n  \u001b[36m<button\u001b[39m\n    \u001b[33maria-selected\u001b[39m=\u001b[32m\"false\"\u001b[39m\n    \u001b[33mclass\u001b[39m=\u001b[32m\"\"\u001b[39m\n    \u001b[33mrole\u001b[39m=\u001b[32m\"tab\"\u001b[39m\n    \u001b[33mtype\u001b[39m=\u001b[32m\"button\"\u001b[39m\n  \u001b[36m/>\u001b[39m\n\n  --------------------------------------------------\n  article:\n\n  Name \"\":\n  \u001b[36m<article\u001b[39m\n    \u001b[33mclass\u001b[39m=\u001b[32m\"match-card\"\u001b[39m\n  \u001b[36m/>\u001b[39m\n\n  --------------------------------------------------\n  img:\n\n  Name \"林婉清的头像\":\n  \u001b[36m<img\u001b[39m\n    \u001b[33malt\u001b[39m=\u001b[32m\"林婉清的头像\"\u001b[39m\n    \u001b[33msrc\u001b[39m=\u001b[32m\"https://example.com/lin.jpg\"\u001b[39m\n  \u001b[36m/>\u001b[39m\n\n  --------------------------------------------------\n  list:\n\n  Name \"\":\n  \u001b[36m<ul />\u001b[39m\n\n  --------------------------------------------------\n  listitem:\n\n  Name \"\":\n  \u001b[36m<li />\u001b[39m\n\n  Name \"\":\n  \u001b[36m<li />\u001b[39m\n\n  --------------------------------------------------\n  link:\n\n  Name \"查看资料\":\n  \u001b[36m<a\u001b[39m\n    \u001b[33mclass\u001b[39m=\u001b[32m\"button button--soft\"\u001b[39m\n    \u001b[33mdata-discover\u001b[39m=\u001b[32m\"true\"\u001b[39m\n    \u001b[33mhref\u001b[39m=\u001b[32m\"/member/member-lin\"\u001b[39m\n  \u001b[36m/>\u001b[39m\n\n  --------------------------------------------------\n\nIgnored nodes: comments, script, style\n\u001b[36m<body>\u001b[39m\n  \u001b[36m<div>\u001b[39m\n    \u001b[36m<div\u001b[39m\n      \u001b[33mclass\u001b[39m=\u001b[32m\"page-shell shell matchmaking-page\"\u001b[39m\n    \u001b[36m>\u001b[39m\n      \u001b[36m<header\u001b[39m\n        \u001b[33mclass\u001b[39m=\u001b[32m\"page-header page-header--split matchmaking-page__header\"\u001b[39m\n      \u001b[36m>\u001b[39m\n        \u001b[36m<div>\u001b[39m\n          \u001b[36m<span>\u001b[39m\n            \u001b[0m匹配大厅\u001b[0m\n          \u001b[36m</span>\u001b[39m\n          \u001b[36m<h1>\u001b[39m\n            \u001b[0m认真了解，从合适的人开始\u001b[0m\n          \u001b[36m</h1>\u001b[39m\n          \u001b[36m<p>\u001b[39m\n            \u001b[0m按你在意的条件寻找对象，查看简单清楚的匹配理由，再决定是否进一步了解。\u001b[0m\n          \u001b[36m</p>\u001b[39m\n        \u001b[36m</div>\u001b[39m\n        \u001b[36m<div\u001b[39m\n          \u001b[33mclass\u001b[39m=\u001b[32m\"matchmaking-page__summary\"\u001b[39m\n        \u001b[36m>\u001b[39m\n          \u001b[36m<strong>\u001b[39m\n            \u001b[0m1\u001b[0m\n          \u001b[36m</strong>\u001b[39m\n          \u001b[36m<span>\u001b[39m\n            \u001b[0m位符合推荐\u001b[0m\n          \u001b[36m</span>\u001b[39m\n        \u001b[36m</div>\u001b[39m\n      \u001b[36m</header>\u001b[39m\n      \u001b[36m<section\u001b[39m\n        \u001b[33maria-label\u001b[39m=\u001b[32m\"推荐筛选\"\u001b[39m\n        \u001b[33mclass\u001b[39m=\u001b[32m\"matchmaking-tools\"\u001b[39m\n      \u001b[36m>\u001b[39m\n        \u001b[36m<div\u001b[39m\n          \u001b[33mclass\u001b[39m=\u001b[32m\"matchmaking-tools__filters\"\u001b[39m\n        \u001b[36m>\u001b[39m\n          \u001b[36m<label>\u001b[39m\n            \u001b[36m<span>\u001b[39m\n              \u001b[0m想认识\u001b[0m\n            \u001b[36m</span>\u001b[39m\n            \u001b[36m<select\u001b[39m\n              \u001b[33maria-label\u001b[39m=\u001b[32m\"想认识\"\u001b[39m\n            \u001b[36m>\u001b[39m\n              \u001b[36m<option>\u001b[39m\n                \u001b[0m不限\u001b[0m\n              \u001b[36m</option>\u001b[39m\n              \u001b[36m<option>\u001b[39m\n                \u001b[0m女性\u001b[0m\n              \u001b[36m</option>\u001b[39m\n              \u001b[36m<option>\u001b[39m\n                \u001b[0m男性\u001b[0m\n              \u001b[36m</option>\u001b[39m\n            \u001b[36m</select>\u001b[39m\n          \u001b[36m</label>\u001b[39m\n          \u001b[36m<label>\u001b[39m\n            \u001b[36m<span>\u001b[39m\n              \u001b[0m最小年龄\u001b[0m\n            \u001b[36m</span>\u001b[39m\n            \u001b[36m<select\u001b[39m\n              \u001b[33maria-label\u001b[39m=\u001b[32m\"最小年龄\"\u001b[39m\n            \u001b[36m>\u001b[39m\n              \u001b[36m<option>\u001b[39m\n                \u001b[0m30\u001b[0m\n              \u001b[36m</option>\u001b[39m\n              \u001b[36m<option>\u001b[39m\n                \u001b[0m35\u001b[0m\n              \u001b[36m</option>\u001b[39m\n              \u001b[36m<option>\u001b[39m\n                \u001b[0m40\u001b[0m\n              \u001b[36m</option>\u001b[39m\n              \u001b[36m<option>\u001b[39m\n                \u001b[0m45\u001b[0m\n              \u001b[36m</option>\u001b[39m\n              \u001b[36m<option>\u001b[39m\n                \u001b[0m50\u001b[0m\n              \u001b[36m</option>\u001b[39m\n              \u001b[36m<option>\u001b[39m\n                \u001b[0m55\u001b[0m\n              \u001b[36m</option>\u001b[39m\n            \u001b[36m</select>\u001b[39m\n          \u001b[36m</label>\u001b[39m\n          \u001b[36m<label>\u001b[39m\n            \u001b[36m<span>\u001b[39m\n              \u001b[0m最大年龄\u001b[0m\n            \u001b[36m</span>\u001b[39m\n            \u001b[36m<select\u001b[39m\n              \u001b[33maria-label\u001b[39m=\u001b[32m\"最大年龄\"\u001b[39m\n            \u001b[36m>\u001b[39m\n              \u001b[36m<option>\u001b[39m\n                \u001b[0m40\u001b[0m\n              \u001b[36m</option>\u001b[39m\n              \u001b[36m<option>\u001b[39m\n                \u001b[0m45\u001b[0m\n              \u001b[36m</option>\u001b[39m\n              \u001b[36m<option>\u001b[39m\n                \u001b[0m50\u001b[0m\n              \u001b[36m</option>\u001b[39m\n              \u001b[36m<option>\u001b[39m\n                \u001b[0m55\u001b[0m\n              \u001b[36m</option>\u001b[39m\n              \u001b[36m<option>\u001b[39m\n                \u001b[0m60\u001b[0m\n              \u001b[36m</option>\u001b[39m\n              \u001b[36m<option>\u001b[39m\n                \u001b[0m65\u001b[0m\n              \u001b[36m</option>\u001b[39m\n              \u001b[36m<option>\u001b[39m\n                \u001b[0m70\u001b[0m\n              \u001b[36m</option>\u001b[39m\n            \u001b[36m</select>\u001b[39m\n          \u001b[36m</label>\u001b[39m\n          \u001b[36m<label>\u001b[39m\n            \u001b[36m<span>\u001b[39m\n              \u001b[0m所在城市\u001b[0m\n            \u001b[36m</span>\u001b[39m\n            \u001b[36m<input\u001b[39m\n              \u001b[33maria-label\u001b[39m=\u001b[32m\"所在城市\"\u001b[39m\n              \u001b[33mplaceholder\u001b[39m=\u001b[32m\"不限城市\"\u001b[39m\n              \u001b[33mvalue\u001b[39m=\u001b[32m\"\"\u001b[39m\n            \u001b[36m/>\u001b[39m\n          \u001b[36m</label>\u001b[39m\n          \u001b[36m<label>\u001b[39m\n            \u001b[36m<span>\u001b[39m\n              \u001b[0m婚姻状态\u001b[0m\n            \u001b[36m</span>\u001b[39m\n            \u001b[36m<select\u001b[39m\n              \u001b[33maria-label\u001b[39m=\u001b[32m\"婚姻状态\"\u001b[39m\n            \u001b[36m>\u001b[39m\n              \u001b[36m<option>\u001b[39m\n                \u001b[0m不限\u001b[0m\n              \u001b[36m</option>\u001b[39m\n              \u001b[36m<option>\u001b[39m\n                \u001b[0m未婚\u001b[0m\n              \u001b[36m</option>\u001b[39m\n              \u001b[36m<option>\u001b[39m\n                \u001b[0m离异\u001b[0m\n              \u001b[36m</option>\u001b[39m\n              \u001b[36m<option>\u001b[39m\n                \u001b[0m丧偶\u001b[0m\n              \u001b[36m</option>\u001b[39m\n            \u001b[36m</select>\u001b[39m\n          \u001b[36m</label>\u001b[39m\n          \u001b[36m<label>\u001b[39m\n            \u001b[36m<span>\u001b[39m\n              \u001b[0m交往目标\u001b[0m\n            \u001b[36m</span>\u001b[39m\n            \u001b[36m<select\u001b[39m\n              \u001b[33maria-label\u001b[39m=\u001b[32m\"交往目标\"\u001b[39m\n            \u001b[36m>\u001b[39m\n              \u001b[36m<option>\u001b[39m\n                \u001b[0m不限\u001b[0m\n              \u001b[36m</option>\u001b[39m\n              \u001b[36m<option>\u001b[39m\n                \u001b[0m认真交往\u001b[0m\n              \u001b[36m</option>\u001b[39m\n              \u001b[36m<option>\u001b[39m\n                \u001b[0m以结婚为目标\u001b[0m\n              \u001b[36m</option>\u001b[39m\n              \u001b[36m<option>\u001b[39m\n                \u001b[0m先认识了解\u001b[0m\n              \u001b[36m</option>\u001b[39m\n            \u001b[36m</select>\u001b[39m\n          \u001b[36m</label>\u001b[39m\n          \u001b[36m<label>\u001b[39m\n            \u001b[36m<span>\u001b[39m\n              \u001b[0m排序方式\u001b[0m\n            \u001b[36m</span>\u001b[39m\n            \u001b[36m<select\u001b[39m\n              \u001b[33maria-label\u001b[39m=\u001b[32m\"排序方式\"\u001b[39m\n            \u001b[36m>\u001b[39m\n              \u001b[36m<option\u001b[39m\n                \u001b[33mvalue\u001b[39m=\u001b[32m\"default\"\u001b[39m\n              \u001b[36m>\u001b[39m\n                \u001b[0m综合推荐\u001b[0m\n              \u001b[36m</option>\u001b[39m\n              \u001b[36m<option\u001b[39m\n                \u001b[33mvalue\u001b[39m=\u001b[32m\"age-asc\"\u001b[39m\n              \u001b[36m>\u001b[39m\n                \u001b[0m年龄从小到大\u001b[0m\n              \u001b[36m</option>\u001b[39m\n              \u001b[36m<option\u001b[39m\n                \u001b[33mvalue\u001b[39m=\u001b[32m\"age-desc\"\u001b[39m\n              \u001b[36m>\u001b[39m\n                \u001b[0m年龄从大到小\u001b[0m\n              \u001b[36m</option>\u001b[39m\n            \u001b[36m</select>\u001b[39m\n          \u001b[36m</label>\u001b[39m\n        \u001b[36m</div>\u001b[39m\n        \u001b[36m<div\u001b[39m\n          \u001b[33mclass\u001b[39m=\u001b[32m\"matchmaking-tools__actions\"\u001b[39m\n        \u001b[36m>\u001b[39m\n          \u001b[36m<button\u001b[39m\n            \u001b[33mclass\u001b[39m=\u001b[32m\"button button--primary\"\u001b[39m\n            \u001b[33mtype\u001b[39m=\u001b[32m\"button\"\u001b[39m\n          \u001b[36m>\u001b[39m\n            \u001b[36m<svg\u001b[39m\n              \u001b[33mclass\u001b[39m=\u001b[32m\"lucide lucide-search\"\u001b[39m\n              \u001b[33mfill\u001b[39m=\u001b[32m\"none\"\u001b[39m\n              \u001b[33mheight\u001b[39m=\u001b[32m\"24\"\u001b[39m\n              \u001b[33mstroke\u001b[39m=\u001b[32m\"currentColor\"\u001b[39m\n              \u001b[33mstroke-linecap\u001b[39m=\u001b[32m\"round\"\u001b[39m\n              \u001b[33mstroke-linejoin\u001b[39m=\u001b[32m\"round\"\u001b[39m\n              \u001b[33mstroke-width\u001b[39m=\u001b[32m\"2\"\u001b[39m\n              \u001b[33mviewBox\u001b[39m=\u001b[32m\"0 0 24 24\"\u001b[39m\n              \u001b[33mwidth\u001b[39m=\u001b[32m\"24\"\u001b[39m\n              \u001b[33mxmlns\u001b[39m=\u001b[32m\"http://www.w3.org/2000/svg\"\u001b[39m\n            \u001b[36m>\u001b[39m\n              \u001b[36m<circle\u001b[39m\n                \u001b[33mcx\u001b[39m=\u001b[32m\"11\"\u001b[39m\n                \u001b[33mcy\u001b[39m=\u001b[32m\"11\"\u001b[39m\n             ...\n    at Object.getElementError (C:\\Users\\ALIENWARE\\Desktop\\ai-marriage-platform-design-20260815-225033\\node_modules\\@testing-library\\dom\\dist\\config.js:37:19)\n    at C:\\Users\\ALIENWARE\\Desktop\\ai-marriage-platform-design-20260815-225033\\node_modules\\@testing-library\\dom\\dist\\query-helpers.js:76:38\n    at C:\\Users\\ALIENWARE\\Desktop\\ai-marriage-platform-design-20260815-225033\\node_modules\\@testing-library\\dom\\dist\\query-helpers.js:52:17\n    at C:\\Users\\ALIENWARE\\Desktop\\ai-marriage-platform-design-20260815-225033\\node_modules\\@testing-library\\dom\\dist\\query-helpers.js:95:19\n    at C:\\Users\\ALIENWARE\\Desktop\\ai-marriage-platform-design-20260815-225033\\apps\\web\\src\\pages\\MatchmakingPage.test.tsx:188:19\n    at file:///C:/Users/ALIENWARE/Desktop/ai-marriage-platform-design-20260815-225033/node_modules/@vitest/runner/dist/chunk-hooks.js:752:20"],"meta":{}},{"ancestorTitles":["匹配大厅"],"fullName":"匹配大厅 应用新筛选后忽略尚未完成的旧分页结果和游标","status":"passed","title":"应用新筛选后忽略尚未完成的旧分页结果和游标","duration":244.54070000000002,"failureMessages":[],"meta":{}},{"ancestorTitles":["匹配大厅"],"fullName":"匹配大厅 同一批次连续触发加载更多时只发送一个分页请求","status":"passed","title":"同一批次连续触发加载更多时只发送一个分页请求","duration":40.003799999999956,"failureMessages":[],"meta":{}},{"ancestorTitles":["匹配大厅"],"fullName":"匹配大厅 分页游标失效时自动刷新当前筛选首屏并给出非阻断提示","status":"passed","title":"分页游标失效时自动刷新当前筛选首屏并给出非阻断提示","duration":79.54660000000013,"failureMessages":[],"meta":{}},{"ancestorTitles":["匹配大厅"],"fullName":"匹配大厅 把筛选条件发送给服务端并展示筛选后的空状态","status":"passed","title":"把筛选条件发送给服务端并展示筛选后的空状态","duration":264.74530000000004,"failureMessages":[],"meta":{}},{"ancestorTitles":["匹配大厅"],"fullName":"匹配大厅 可以喜欢和取消喜欢推荐会员","status":"passed","title":"可以喜欢和取消喜欢推荐会员","duration":125.16560000000027,"failureMessages":[],"meta":{}},{"ancestorTitles":["匹配大厅"],"fullName":"匹配大厅 展示收到的喜欢和互相心仪，并允许回应喜欢","status":"passed","title":"展示收到的喜欢和互相心仪，并允许回应喜欢","duration":159.4355999999998,"failureMessages":[],"meta":{}},{"ancestorTitles":["匹配大厅"],"fullName":"匹配大厅 在我的心仪中查看并取消已表达喜欢的会员","status":"passed","title":"在我的心仪中查看并取消已表达喜欢的会员","duration":148.6334999999999,"failureMessages":[],"meta":{}},{"ancestorTitles":["匹配大厅"],"fullName":"匹配大厅 跳过后可在本次浏览中恢复会员","status":"passed","title":"跳过后可在本次浏览中恢复会员","duration":221.4061999999999,"failureMessages":[],"meta":{}},{"ancestorTitles":["匹配大厅"],"fullName":"匹配大厅 保存、应用和删除筛选方案","status":"passed","title":"保存、应用和删除筛选方案","duration":286.16769999999997,"failureMessages":[],"meta":{}},{"ancestorTitles":["匹配大厅"],"fullName":"匹配大厅 后续应用筛选发现缺少问答时直达关系问答","status":"passed","title":"后续应用筛选发现缺少问答时直达关系问答","duration":81.82220000000007,"failureMessages":[],"meta":{}},{"ancestorTitles":["匹配大厅"],"fullName":"匹配大厅 后续喜欢发现会话失效时直达登录","status":"passed","title":"后续喜欢发现会话失效时直达登录","duration":50.87030000000004,"failureMessages":[],"meta":{}},{"ancestorTitles":["匹配大厅"],"fullName":"匹配大厅 后续喜欢发现资料仍在审核时直达建档审核步骤","status":"passed","title":"后续喜欢发现资料仍在审核时直达建档审核步骤","duration":51.110999999999876,"failureMessages":[],"meta":{}},{"ancestorTitles":["匹配大厅"],"fullName":"匹配大厅 后续跳过发现缺少问答时直达关系问答","status":"passed","title":"后续跳过发现缺少问答时直达关系问答","duration":48.065500000000156,"failureMessages":[],"meta":{}},{"ancestorTitles":["匹配大厅"],"fullName":"匹配大厅 后续恢复发现会话失效时直达登录","status":"passed","title":"后续恢复发现会话失效时直达登录","duration":151.71489999999994,"failureMessages":[],"meta":{}},{"ancestorTitles":["匹配大厅"],"fullName":"匹配大厅 保存筛选方案发现缺少问答时直达关系问答","status":"passed","title":"保存筛选方案发现缺少问答时直达关系问答","duration":131.74180000000024,"failureMessages":[],"meta":{}},{"ancestorTitles":["匹配大厅"],"fullName":"匹配大厅 删除筛选方案发现会话失效时直达登录","status":"passed","title":"删除筛选方案发现会话失效时直达登录","duration":50.143299999999726,"failureMessages":[],"meta":{}},{"ancestorTitles":["匹配大厅"],"fullName":"匹配大厅 推荐加载失败时显示原因并支持重试","status":"passed","title":"推荐加载失败时显示原因并支持重试","duration":43.3128999999999,"failureMessages":[],"meta":{}},{"ancestorTitles":["匹配大厅"],"fullName":"匹配大厅 未登录和未建档时提供正确入口","status":"passed","title":"未登录和未建档时提供正确入口","duration":23.427299999999832,"failureMessages":[],"meta":{}},{"ancestorTitles":["匹配大厅"],"fullName":"匹配大厅 首次推荐发现缺少问答或 AI 分身时提供对应入口","status":"passed","title":"首次推荐发现缺少问答或 AI 分身时提供对应入口","duration":25.105099999999766,"failureMessages":[],"meta":{}},{"ancestorTitles":["匹配大厅"],"fullName":"匹配大厅 首次关系请求发现会话失效时直达登录","status":"passed","title":"首次关系请求发现会话失效时直达登录","duration":7.849999999999909,"failureMessages":[],"meta":{}},{"ancestorTitles":["匹配大厅"],"fullName":"匹配大厅 首次筛选方案请求发现缺少问答时直达关系问答","status":"passed","title":"首次筛选方案请求发现缺少问答时直达关系问答","duration":8.439100000000053,"failureMessages":[],"meta":{}},{"ancestorTitles":["匹配大厅"],"fullName":"匹配大厅 首次关系数据普通错误时可单独重试并恢复","status":"passed","title":"首次关系数据普通错误时可单独重试并恢复","duration":85.90049999999974,"failureMessages":[],"meta":{}},{"ancestorTitles":["匹配大厅"],"fullName":"匹配大厅 首次筛选方案普通错误时可重试并恢复方案列表","status":"passed","title":"首次筛选方案普通错误时可重试并恢复方案列表","duration":75.9060999999997,"failureMessages":[],"meta":{}}],"startTime":1786937766619,"endTime":1786937769343.906,"status":"failed","message":"","name":"C:/Users/ALIENWARE/Desktop/ai-marriage-platform-design-20260815-225033/apps/web/src/pages/MatchmakingPage.test.tsx"}]}