{"numTotalTestSuites":6,"numPassedTestSuites":6,"numFailedTestSuites":0,"numPendingTestSuites":0,"numTotalTests":32,"numPassedTests":32,"numFailedTests":0,"numPendingTests":0,"numTodoTests":0,"snapshot":{"added":0,"failure":false,"filesAdded":0,"filesRemoved":0,"filesRemovedList":[],"filesUnmatched":0,"filesUpdated":0,"matched":0,"total":0,"unchecked":0,"uncheckedKeysByFile":[],"unmatched":0,"updated":0,"didUpdate":false},"startTime":1786936995440,"success":true,"testResults":[{"assertionResults":[{"ancestorTitles":["主导航"],"fullName":"主导航 按照产品规格提供八个普通用户入口，并把匹配大厅作为独立栏目","status":"passed","title":"按照产品规格提供八个普通用户入口，并把匹配大厅作为独立栏目","duration":1.0475000000000136,"failureMessages":[],"meta":{}},{"ancestorTitles":["主导航"],"fullName":"主导航 不在普通导航中公开后台或算法入口","status":"passed","title":"不在普通导航中公开后台或算法入口","duration":0.22040000000004056,"failureMessages":[],"meta":{}}],"startTime":1786936996447,"endTime":1786936996448.2205,"status":"passed","message":"","name":"C:/Users/ALIENWARE/Desktop/ai-marriage-platform-design-20260815-225033/apps/web/src/app/navigation.test.ts"},{"assertionResults":[{"ancestorTitles":["前端路由访问控制"],"fullName":"前端路由访问控制 未登录访问个人中心时跳转登录并保留完整 next","status":"passed","title":"未登录访问个人中心时跳转登录并保留完整 next","duration":84.24080000000004,"failureMessages":[],"meta":{}},{"ancestorTitles":["前端路由访问控制"],"fullName":"前端路由访问控制 未登录访问建档时跳转登录并保留完整 next","status":"passed","title":"未登录访问建档时跳转登录并保留完整 next","duration":26.890000000000327,"failureMessages":[],"meta":{}},{"ancestorTitles":["前端路由访问控制"],"fullName":"前端路由访问控制 未登录访问AI 分身时跳转登录并保留完整 next","status":"passed","title":"未登录访问AI 分身时跳转登录并保留完整 next","duration":22.984500000000025,"failureMessages":[],"meta":{}},{"ancestorTitles":["前端路由访问控制"],"fullName":"前端路由访问控制 未登录访问消息时跳转登录并保留完整 next","status":"passed","title":"未登录访问消息时跳转登录并保留完整 next","duration":25.189300000000003,"failureMessages":[],"meta":{}},{"ancestorTitles":["前端路由访问控制"],"fullName":"前端路由访问控制 未登录访问真人聊天时跳转登录并保留完整 next","status":"passed","title":"未登录访问真人聊天时跳转登录并保留完整 next","duration":24.796000000000276,"failureMessages":[],"meta":{}},{"ancestorTitles":["前端路由访问控制"],"fullName":"前端路由访问控制 未登录时仍可浏览公开匹配大厅","status":"passed","title":"未登录时仍可浏览公开匹配大厅","duration":48.58120000000008,"failureMessages":[],"meta":{}},{"ancestorTitles":["前端路由访问控制"],"fullName":"前端路由访问控制 未登录时仍可浏览公开会员详情","status":"passed","title":"未登录时仍可浏览公开会员详情","duration":12.324199999999564,"failureMessages":[],"meta":{}},{"ancestorTitles":["前端路由访问控制"],"fullName":"前端路由访问控制 未登录时仍可浏览公开专属推荐","status":"passed","title":"未登录时仍可浏览公开专属推荐","duration":14.116599999999835,"failureMessages":[],"meta":{}},{"ancestorTitles":["前端路由访问控制"],"fullName":"前端路由访问控制 注销清理后会话失效时按真实 401 契约作为匿名游客浏览公开大厅","status":"passed","title":"注销清理后会话失效时按真实 401 契约作为匿名游客浏览公开大厅","duration":14.587599999999838,"failureMessages":[],"meta":{}},{"ancestorTitles":["前端路由访问控制"],"fullName":"前端路由访问控制 公开匹配路由确认会话发生网络错误时闭锁内容并支持重试","status":"passed","title":"公开匹配路由确认会话发生网络错误时闭锁内容并支持重试","duration":65.39769999999999,"failureMessages":[],"meta":{}},{"ancestorTitles":["前端路由访问控制"],"fullName":"前端路由访问控制 公开匹配路由确认会话收到服务异常时显示可恢复状态","status":"passed","title":"公开匹配路由确认会话收到服务异常时显示可恢复状态","duration":15.525900000000092,"failureMessages":[],"meta":{}},{"ancestorTitles":["前端路由访问控制"],"fullName":"前端路由访问控制 生活动态页面保持公开且不经过匹配账号守卫","status":"passed","title":"生活动态页面保持公开且不经过匹配账号守卫","duration":7.617799999999988,"failureMessages":[],"meta":{}},{"ancestorTitles":["前端路由访问控制"],"fullName":"前端路由访问控制 线下活动页面保持公开且不经过匹配账号守卫","status":"passed","title":"线下活动页面保持公开且不经过匹配账号守卫","duration":7.029700000000048,"failureMessages":[],"meta":{}},{"ancestorTitles":["前端路由访问控制"],"fullName":"前端路由访问控制 幸福案例页面保持公开且不经过匹配账号守卫","status":"passed","title":"幸福案例页面保持公开且不经过匹配账号守卫","duration":7.709299999999985,"failureMessages":[],"meta":{}},{"ancestorTitles":["前端路由访问控制"],"fullName":"前端路由访问控制 婚恋课堂页面保持公开且不经过匹配账号守卫","status":"passed","title":"婚恋课堂页面保持公开且不经过匹配账号守卫","duration":4.8901999999998225,"failureMessages":[],"meta":{}},{"ancestorTitles":["前端路由访问控制"],"fullName":"前端路由访问控制 安全中心页面保持公开且不经过匹配账号守卫","status":"passed","title":"安全中心页面保持公开且不经过匹配账号守卫","duration":11.128099999999904,"failureMessages":[],"meta":{}},{"ancestorTitles":["前端路由访问控制"],"fullName":"前端路由访问控制 普通用户访问后台时看到清晰的无权限页面且不会请求后台数据","status":"passed","title":"普通用户访问后台时看到清晰的无权限页面且不会请求后台数据","duration":14.294400000000223,"failureMessages":[],"meta":{}},{"ancestorTitles":["前端路由访问控制"],"fullName":"前端路由访问控制 管理员可以进入后台路由","status":"passed","title":"管理员可以进入后台路由","duration":12.10629999999992,"failureMessages":[],"meta":{}},{"ancestorTitles":["前端路由访问控制"],"fullName":"前端路由访问控制 审核员可以进入后台路由并只看到审核入口","status":"passed","title":"审核员可以进入后台路由并只看到审核入口","duration":29.81770000000006,"failureMessages":[],"meta":{}},{"ancestorTitles":["前端路由访问控制"],"fullName":"前端路由访问控制 身份服务暂时不可用时提供重试，不把已保存账号误判为退出登录","status":"passed","title":"身份服务暂时不可用时提供重试，不把已保存账号误判为退出登录","duration":22.54860000000008,"failureMessages":[],"meta":{}},{"ancestorTitles":["前端路由访问控制"],"fullName":"前端路由访问控制 suspended 用户访问 /find 时转到账号安全页","status":"passed","title":"suspended 用户访问 /find 时转到账号安全页","duration":33.84969999999976,"failureMessages":[],"meta":{}},{"ancestorTitles":["前端路由访问控制"],"fullName":"前端路由访问控制 suspended 用户访问 /member/member-zhou 时转到账号安全页","status":"passed","title":"suspended 用户访问 /member/member-zhou 时转到账号安全页","duration":33.97629999999981,"failureMessages":[],"meta":{}},{"ancestorTitles":["前端路由访问控制"],"fullName":"前端路由访问控制 suspended 用户访问 /matchmaking 时转到账号安全页","status":"passed","title":"suspended 用户访问 /matchmaking 时转到账号安全页","duration":20.26299999999992,"failureMessages":[],"meta":{}},{"ancestorTitles":["前端路由访问控制"],"fullName":"前端路由访问控制 未知地址显示 404 页面并提供安全入口","status":"passed","title":"未知地址显示 404 页面并提供安全入口","duration":22.661000000000058,"failureMessages":[],"meta":{}}],"startTime":1786936998171,"endTime":1786936998754.661,"status":"passed","message":"","name":"C:/Users/ALIENWARE/Desktop/ai-marriage-platform-design-20260815-225033/apps/web/src/app/router.test.tsx"},{"assertionResults":[{"ancestorTitles":["匹配大厅"],"fullName":"匹配大厅 可以按城市筛选且明确显示已选条件数","status":"passed","title":"可以按城市筛选且明确显示已选条件数","duration":284.74649999999997,"failureMessages":[],"meta":{}},{"ancestorTitles":["匹配大厅"],"fullName":"匹配大厅 接口失败时显示重试入口且不展示静态会员","status":"passed","title":"接口失败时显示重试入口且不展示静态会员","duration":64.05790000000002,"failureMessages":[],"meta":{}},{"ancestorTitles":["匹配大厅"],"fullName":"匹配大厅 支持按年龄、最近活跃和最新加入切换稳定顺序","status":"passed","title":"支持按年龄、最近活跃和最新加入切换稳定顺序","duration":401.92470000000003,"failureMessages":[],"meta":{}},{"ancestorTitles":["匹配大厅"],"fullName":"匹配大厅 可以筛选仅看有照片、吸烟情况和子女情况","status":"passed","title":"可以筛选仅看有照片、吸烟情况和子女情况","duration":332.3766999999998,"failureMessages":[],"meta":{}},{"ancestorTitles":["匹配大厅"],"fullName":"匹配大厅 扩展字段缺失时不报错，筛选会排除未知资料且排序保持稳定","status":"passed","title":"扩展字段缺失时不报错，筛选会排除未知资料且排序保持稳定","duration":354.09029999999984,"failureMessages":[],"meta":{}},{"ancestorTitles":["匹配大厅"],"fullName":"匹配大厅 首屏显示六位会员并可继续加载剩余结果","status":"passed","title":"首屏显示六位会员并可继续加载剩余结果","duration":107.49040000000014,"failureMessages":[],"meta":{}}],"startTime":1786936997053,"endTime":1786936998597.4905,"status":"passed","message":"","name":"C:/Users/ALIENWARE/Desktop/ai-marriage-platform-design-20260815-225033/apps/web/src/pages/FindPage.test.tsx"}]}